Using pre-set license
Built from '2021.3/evg/staging/82bb020e-b03b1330/draft-0' branch; Version is '2021.3.16f1 (4016570cf34f) revision 4200023'; Using compiler version '192829333'; Build Type 'Release'
OS: 'Windows 11  (10.0.22631) 64bit Core' Language: 'en' Physical Memory: 16107 MB
BatchMode: 1, IsHumanControllingUs: 0, StartBugReporterOnCrash: 0, Is64bit: 1, IsPro: 1

COMMAND LINE ARGUMENTS:
C:\Program Files\Unity\Hub\Editor\2021.3.16f1\Editor\Unity.exe
-adb2
-batchMode
-noUpm
-name
AssetImportWorker3
-projectPath
C:/Users/anany/Desktop/UTD/2nd sem/Virtual Reality/Project/Verkea/Verkea
-logFile
Logs/AssetImportWorker3.log
-srvPort
64681
Successfully changed project path to: C:/Users/anany/Desktop/UTD/2nd sem/Virtual Reality/Project/Verkea/Verkea
C:/Users/anany/Desktop/UTD/2nd sem/Virtual Reality/Project/Verkea/Verkea
[UnityMemory] Configuration Parameters - Can be set up in boot.config
    "memorysetup-bucket-allocator-granularity=16"
    "memorysetup-bucket-allocator-bucket-count=8"
    "memorysetup-bucket-allocator-block-size=33554432"
    "memorysetup-bucket-allocator-block-count=8"
    "memorysetup-main-allocator-block-size=16777216"
    "memorysetup-thread-allocator-block-size=16777216"
    "memorysetup-gfx-main-allocator-block-size=16777216"
    "memorysetup-gfx-thread-allocator-block-size=16777216"
    "memorysetup-cache-allocator-block-size=4194304"
    "memorysetup-typetree-allocator-block-size=2097152"
    "memorysetup-profiler-bucket-allocator-granularity=16"
    "memorysetup-profiler-bucket-allocator-bucket-count=8"
    "memorysetup-profiler-bucket-allocator-block-size=33554432"
    "memorysetup-profiler-bucket-allocator-block-count=8"
    "memorysetup-profiler-allocator-block-size=16777216"
    "memorysetup-profiler-editor-allocator-block-size=1048576"
    "memorysetup-temp-allocator-size-main=16777216"
    "memorysetup-job-temp-allocator-block-size=2097152"
    "memorysetup-job-temp-allocator-block-size-background=1048576"
    "memorysetup-job-temp-allocator-reduction-small-platforms=262144"
    "memorysetup-temp-allocator-size-background-worker=32768"
    "memorysetup-temp-allocator-size-job-worker=262144"
    "memorysetup-temp-allocator-size-preload-manager=33554432"
    "memorysetup-temp-allocator-size-nav-mesh-worker=65536"
    "memorysetup-temp-allocator-size-audio-worker=65536"
    "memorysetup-temp-allocator-size-cloud-worker=32768"
    "memorysetup-temp-allocator-size-gi-baking-worker=262144"
    "memorysetup-temp-allocator-size-gfx=262144"
Player connection [11132] Host "[IP] 192.168.1.206 [Port] 0 [Flags] 2 [Guid] 1354011890 [EditorId] 1354011890 [Version] 1048832 [Id] WindowsEditor(7,Ananya-PC) [Debug] 1 [PackageName] WindowsEditor [ProjectName] Editor" joined multi-casting on [225.0.0.222:54997]...

Player connection [11132] Host "[IP] 192.168.1.206 [Port] 0 [Flags] 2 [Guid] 1354011890 [EditorId] 1354011890 [Version] 1048832 [Id] WindowsEditor(7,Ananya-PC) [Debug] 1 [PackageName] WindowsEditor [ProjectName] Editor" joined alternative multi-casting on [225.0.0.222:34997]...

Refreshing native plugins compatible for Editor in 169.07 ms, found 6 plugins.
Preloading 0 native plugins for Editor in 0.00 ms.
Initialize engine version: 2021.3.16f1 (4016570cf34f)
[Subsystems] Discovering subsystems at path C:/Program Files/Unity/Hub/Editor/2021.3.16f1/Editor/Data/Resources/UnitySubsystems
[Subsystems] Discovering subsystems at path C:/Users/anany/Desktop/UTD/2nd sem/Virtual Reality/Project/Verkea/Verkea/Assets
GfxDevice: creating device client; threaded=0; jobified=0
Direct3D:
    Version:  Direct3D 11.0 [level 11.1]
    Renderer: Intel(R) Iris(R) Xe Graphics (ID=0x9a49)
    Vendor:   Intel
    VRAM:     8053 MB
    Driver:   31.0.101.4502
Initialize mono
Mono path[0] = 'C:/Program Files/Unity/Hub/Editor/2021.3.16f1/Editor/Data/Managed'
Mono path[1] = 'C:/Program Files/Unity/Hub/Editor/2021.3.16f1/Editor/Data/MonoBleedingEdge/lib/mono/unityjit-win32'
Mono config path = 'C:/Program Files/Unity/Hub/Editor/2021.3.16f1/Editor/Data/MonoBleedingEdge/etc'
Using monoOptions --debugger-agent=transport=dt_socket,embedding=1,server=y,suspend=n,address=127.0.0.1:56944
Begin MonoManager ReloadAssembly
Registering precompiled unity dll's ...
Register platform support module: C:/Program Files/Unity/Hub/Editor/2021.3.16f1/Editor/Data/PlaybackEngines/AndroidPlayer/UnityEditor.Android.Extensions.dll
Register platform support module: C:/Program Files/Unity/Hub/Editor/2021.3.16f1/Editor/Data/PlaybackEngines/WindowsStandaloneSupport/UnityEditor.WindowsStandalone.Extensions.dll
Registered in 0.004007 seconds.
Native extension for WindowsStandalone target not found
Native extension for Android target not found
Refreshing native plugins compatible for Editor in 94.61 ms, found 6 plugins.
Preloading 0 native plugins for Editor in 0.00 ms.
Mono: successfully reloaded assembly
- Completed reload, in  0.636 seconds
Domain Reload Profiling:
	ReloadAssembly (636ms)
		BeginReloadAssembly (69ms)
			ExecutionOrderSort (0ms)
			DisableScriptedObjects (0ms)
			BackupInstance (0ms)
			ReleaseScriptingObjects (0ms)
			CreateAndSetChildDomain (1ms)
		EndReloadAssembly (459ms)
			LoadAssemblies (68ms)
			RebuildTransferFunctionScriptingTraits (0ms)
			SetupTypeCache (108ms)
			ReleaseScriptCaches (0ms)
			RebuildScriptCaches (25ms)
			SetupLoadedEditorAssemblies (275ms)
				LogAssemblyErrors (0ms)
				InitializePlatformSupportModulesInManaged (59ms)
				SetLoadedEditorAssemblies (0ms)
				RefreshPlugins (95ms)
				BeforeProcessingInitializeOnLoad (1ms)
				ProcessInitializeOnLoadAttributes (84ms)
				ProcessInitializeOnLoadMethodAttributes (36ms)
				AfterProcessingInitializeOnLoad (0ms)
				EditorAssembliesLoaded (0ms)
			ExecutionOrderSort2 (0ms)
			AwakeInstancesAfterBackupRestoration (0ms)
Platform modules already initialized, skipping
Registering precompiled user dll's ...
Registered in 0.006152 seconds.
Begin MonoManager ReloadAssembly
Native extension for WindowsStandalone target not found
Native extension for Android target not found
Refreshing native plugins compatible for Editor in 0.93 ms, found 6 plugins.
Preloading 0 native plugins for Editor in 0.00 ms.
Package Manager log level set to [2]
Mono: successfully reloaded assembly
- Completed reload, in  1.792 seconds
Domain Reload Profiling:
	ReloadAssembly (1792ms)
		BeginReloadAssembly (199ms)
			ExecutionOrderSort (0ms)
			DisableScriptedObjects (4ms)
			BackupInstance (0ms)
			ReleaseScriptingObjects (0ms)
			CreateAndSetChildDomain (136ms)
		EndReloadAssembly (1499ms)
			LoadAssemblies (60ms)
			RebuildTransferFunctionScriptingTraits (0ms)
			SetupTypeCache (233ms)
			ReleaseScriptCaches (1ms)
			RebuildScriptCaches (52ms)
			SetupLoadedEditorAssemblies (1109ms)
				LogAssemblyErrors (0ms)
				InitializePlatformSupportModulesInManaged (14ms)
				SetLoadedEditorAssemblies (0ms)
				RefreshPlugins (1ms)
				BeforeProcessingInitializeOnLoad (78ms)
				ProcessInitializeOnLoadAttributes (994ms)
				ProcessInitializeOnLoadMethodAttributes (18ms)
				AfterProcessingInitializeOnLoad (3ms)
				EditorAssembliesLoaded (0ms)
			ExecutionOrderSort2 (0ms)
			AwakeInstancesAfterBackupRestoration (4ms)
Platform modules already initialized, skipping
========================================================================
Worker process is ready to serve import requests
Launched and connected shader compiler UnityShaderCompiler.exe after 0.04 seconds
Refreshing native plugins compatible for Editor in 0.92 ms, found 6 plugins.
Preloading 0 native plugins for Editor in 0.00 ms.
Unloading 4462 Unused Serialized files (Serialized files now loaded: 0)
Unloading 78 unused Assets / (114.6 KB). Loaded Objects now: 4879.
Memory consumption went from 161.2 MB to 161.1 MB.
Total: 3.882100 ms (FindLiveObjects: 0.289900 ms CreateObjectMapping: 0.136400 ms MarkObjects: 3.314800 ms  DeleteObjects: 0.140000 ms)

AssetImportParameters requested are different than current active one (requested -> active):
  custom:video-decoder-ogg-theora: a1e56fd34408186e4bbccfd4996cb3dc -> 
  custom:container-muxer-webm: aa71ff27fc2769a1b78a27578f13a17b -> 
  custom:container-demuxer-webm: 4f35f7cbe854078d1ac9338744f61a02 -> 
  custom:video-encoder-webm-vp8: eb34c28f22e8b96e1ab97ce403110664 -> 
  custom:video-codec-MediaFoundation-h265: 746d11721c4dcdbdad8f713fa42b33f4 -> 
  custom:audio-encoder-webm-vorbis: bf7c407c2cedff20999df2af8eb42d56 -> 
  custom:framework-win-MediaFoundation: 216162199b28c13a410421893ffa2e32 -> 
  custom:container-demuxer-ogg: 62fdf1f143b41e24485cea50d1cbac27 -> 
  custom:video-decoder-webm-vp8: 9c59270c3fd7afecdb556c50c9e8de78 -> 
  custom:audio-decoder-ogg-vorbis: bf7c407c2cedff20999df2af8eb42d56 -> 
========================================================================
Received Import Request.
  Time since last request: 344218.768341 seconds.
  path: Assets/Furnitures/Furniture/Source/Mesh/chair.fbx
  artifactKey: Guid(a65804b782e378e46a402e06983b7be4) Importer(815301076,1909f56bfc062723c751e8b465ee728b)
Start importing Assets/Furnitures/Furniture/Source/Mesh/chair.fbx using Guid(a65804b782e378e46a402e06983b7be4) Importer(815301076,1909f56bfc062723c751e8b465ee728b)  -> (artifact id: '60fe47042d530421f7f684ac1995a6cd') in 0.181265 seconds 
========================================================================
Received Import Request.
  Time since last request: 0.000047 seconds.
  path: Assets/Furnitures/Furniture/Source/Mesh/DoubleSeat.fbx
  artifactKey: Guid(ec9c5369886554146884f6bfca7662cc) Importer(815301076,1909f56bfc062723c751e8b465ee728b)
Start importing Assets/Furnitures/Furniture/Source/Mesh/DoubleSeat.fbx using Guid(ec9c5369886554146884f6bfca7662cc) Importer(815301076,1909f56bfc062723c751e8b465ee728b)  -> (artifact id: '86d0f7ada1b979af0ce845859c4cdaee') in 0.051282 seconds 
========================================================================
Received Import Request.
  Time since last request: 4.295341 seconds.
  path: Assets/Furnitures/Furniture/Source/Mesh/office_table_001.fbx
  artifactKey: Guid(e8bcc2af6da4ffa4ba221825387cee57) Importer(815301076,1909f56bfc062723c751e8b465ee728b)
Start importing Assets/Furnitures/Furniture/Source/Mesh/office_table_001.fbx using Guid(e8bcc2af6da4ffa4ba221825387cee57) Importer(815301076,1909f56bfc062723c751e8b465ee728b)  -> (artifact id: '8a3ba30f7d3c949d1334a9317fabe774') in 0.033167 seconds 
========================================================================
Received Import Request.
  Time since last request: 0.000031 seconds.
  path: Assets/Furnitures/Furniture/Source/Mesh/tv_wall_001.fbx
  artifactKey: Guid(58f701239c50ef14494883f16e8383cc) Importer(815301076,1909f56bfc062723c751e8b465ee728b)
Start importing Assets/Furnitures/Furniture/Source/Mesh/tv_wall_001.fbx using Guid(58f701239c50ef14494883f16e8383cc) Importer(815301076,1909f56bfc062723c751e8b465ee728b)  -> (artifact id: '6fc7570f13b635bee20e912b077e1994') in 0.039753 seconds 
========================================================================
Received Import Request.
  Time since last request: 0.000043 seconds.
  path: Assets/Furnitures/Furniture/Source/Mesh/sofa_001.fbx
  artifactKey: Guid(b2bfb3f987d345b4388c7173f6f9649c) Importer(815301076,1909f56bfc062723c751e8b465ee728b)
Start importing Assets/Furnitures/Furniture/Source/Mesh/sofa_001.fbx using Guid(b2bfb3f987d345b4388c7173f6f9649c) Importer(815301076,1909f56bfc062723c751e8b465ee728b)  -> (artifact id: '6c54afbf7d098268c1fd1e43046b7407') in 0.030993 seconds 
========================================================================
Received Import Request.
  Time since last request: 31.367015 seconds.
  path: Assets/Furnitures/Furniture/Source/Textures/3Seat_Normal.tga
  artifactKey: Guid(e56d8a29b833bb9448ec149fdde0871c) Importer(815301076,1909f56bfc062723c751e8b465ee728b)
Start importing Assets/Furnitures/Furniture/Source/Textures/3Seat_Normal.tga using Guid(e56d8a29b833bb9448ec149fdde0871c) Importer(815301076,1909f56bfc062723c751e8b465ee728b)  -> (artifact id: '8eb362fc55bfde593b6c2797f1872f8a') in 0.051044 seconds 
========================================================================
Received Import Request.
  Time since last request: 0.000032 seconds.
  path: Assets/Furnitures/Furniture/Source/Textures/3SeatDirt_Normal.tga
  artifactKey: Guid(8379405848fffb5458b0fa2a0b245cf7) Importer(815301076,1909f56bfc062723c751e8b465ee728b)
Start importing Assets/Furnitures/Furniture/Source/Textures/3SeatDirt_Normal.tga using Guid(8379405848fffb5458b0fa2a0b245cf7) Importer(815301076,1909f56bfc062723c751e8b465ee728b)  -> (artifact id: 'e0a65f1d1fb9918ecc524430f8a27bfe') in 0.038948 seconds 
========================================================================
Received Import Request.
  Time since last request: 2.065504 seconds.
  path: Assets/Furnitures/Furniture/Source/Textures/fotel2D_Normal.tga
  artifactKey: Guid(69935d7f86f2bed45886b2eb30177bdc) Importer(815301076,1909f56bfc062723c751e8b465ee728b)
Start importing Assets/Furnitures/Furniture/Source/Textures/fotel2D_Normal.tga using Guid(69935d7f86f2bed45886b2eb30177bdc) Importer(815301076,1909f56bfc062723c751e8b465ee728b)  -> (artifact id: '12d745d1a70acdf33bba4c9ff569adf0') in 0.037555 seconds 
========================================================================
Received Import Request.
  Time since last request: 0.000060 seconds.
  path: Assets/Furnitures/Furniture/Source/Textures/komm2_BaseColor.tga
  artifactKey: Guid(9fbb0981c7b47bb4aa7c96257d163a0c) Importer(815301076,1909f56bfc062723c751e8b465ee728b)
Start importing Assets/Furnitures/Furniture/Source/Textures/komm2_BaseColor.tga using Guid(9fbb0981c7b47bb4aa7c96257d163a0c) Importer(815301076,1909f56bfc062723c751e8b465ee728b)  -> (artifact id: '789f7abb08478ccd8ca1b7fb9bf506cb') in 0.027197 seconds 
========================================================================
Received Import Request.
  Time since last request: 0.000042 seconds.
  path: Assets/Furnitures/Furniture/Source/Textures/Kom_Normal.png
  artifactKey: Guid(81f27ea03c185a843bcb8d8bf17f2d2c) Importer(815301076,1909f56bfc062723c751e8b465ee728b)
Start importing Assets/Furnitures/Furniture/Source/Textures/Kom_Normal.png using Guid(81f27ea03c185a843bcb8d8bf17f2d2c) Importer(815301076,1909f56bfc062723c751e8b465ee728b)  -> (artifact id: '066874ea16638318005879983fa70bbd') in 0.040012 seconds 
========================================================================
Received Import Request.
  Time since last request: 0.000035 seconds.
  path: Assets/Furnitures/Furniture/Source/Textures/Kom_BaseColor.tga
  artifactKey: Guid(ea6b039aad9f4e146b7d35aba839b4af) Importer(815301076,1909f56bfc062723c751e8b465ee728b)
Start importing Assets/Furnitures/Furniture/Source/Textures/Kom_BaseColor.tga using Guid(ea6b039aad9f4e146b7d35aba839b4af) Importer(815301076,1909f56bfc062723c751e8b465ee728b)  -> (artifact id: '7a1f50b00555a4ae16078d37cc0729be') in 0.036023 seconds 
Editor requested this worker to shutdown with reason: Scaling down because of idle timeout
AssetImportWorker is now disconnected from the server
Process exiting
Exiting without the bug reporter. Application will terminate with return code 0