Using pre-set license
Built from '2021.3/evg/staging/82bb020e-b03b1330/draft-0' branch; Version is '2021.3.16f1 (4016570cf34f) revision 4200023'; Using compiler version '192829333'; Build Type 'Release'
OS: 'Windows 11  (10.0.22631) 64bit Core' Language: 'en' Physical Memory: 16107 MB
BatchMode: 1, IsHumanControllingUs: 0, StartBugReporterOnCrash: 0, Is64bit: 1, IsPro: 1

COMMAND LINE ARGUMENTS:
C:\Program Files\Unity\Hub\Editor\2021.3.16f1\Editor\Unity.exe
-adb2
-batchMode
-noUpm
-name
AssetImportWorker1
-projectPath
C:/Users/anany/Desktop/UTD/2nd sem/Virtual Reality/Project/Verkea/Verkea
-logFile
Logs/AssetImportWorker1.log
-srvPort
64681
Successfully changed project path to: C:/Users/anany/Desktop/UTD/2nd sem/Virtual Reality/Project/Verkea/Verkea
C:/Users/anany/Desktop/UTD/2nd sem/Virtual Reality/Project/Verkea/Verkea
[UnityMemory] Configuration Parameters - Can be set up in boot.config
    "memorysetup-bucket-allocator-granularity=16"
    "memorysetup-bucket-allocator-bucket-count=8"
    "memorysetup-bucket-allocator-block-size=33554432"
    "memorysetup-bucket-allocator-block-count=8"
    "memorysetup-main-allocator-block-size=16777216"
    "memorysetup-thread-allocator-block-size=16777216"
    "memorysetup-gfx-main-allocator-block-size=16777216"
    "memorysetup-gfx-thread-allocator-block-size=16777216"
    "memorysetup-cache-allocator-block-size=4194304"
    "memorysetup-typetree-allocator-block-size=2097152"
    "memorysetup-profiler-bucket-allocator-granularity=16"
    "memorysetup-profiler-bucket-allocator-bucket-count=8"
    "memorysetup-profiler-bucket-allocator-block-size=33554432"
    "memorysetup-profiler-bucket-allocator-block-count=8"
    "memorysetup-profiler-allocator-block-size=16777216"
    "memorysetup-profiler-editor-allocator-block-size=1048576"
    "memorysetup-temp-allocator-size-main=16777216"
    "memorysetup-job-temp-allocator-block-size=2097152"
    "memorysetup-job-temp-allocator-block-size-background=1048576"
    "memorysetup-job-temp-allocator-reduction-small-platforms=262144"
    "memorysetup-temp-allocator-size-background-worker=32768"
    "memorysetup-temp-allocator-size-job-worker=262144"
    "memorysetup-temp-allocator-size-preload-manager=33554432"
    "memorysetup-temp-allocator-size-nav-mesh-worker=65536"
    "memorysetup-temp-allocator-size-audio-worker=65536"
    "memorysetup-temp-allocator-size-cloud-worker=32768"
    "memorysetup-temp-allocator-size-gi-baking-worker=262144"
    "memorysetup-temp-allocator-size-gfx=262144"
Player connection [8048] Host "[IP] 192.168.1.206 [Port] 0 [Flags] 2 [Guid] 4530303 [EditorId] 4530303 [Version] 1048832 [Id] WindowsEditor(7,Ananya-PC) [Debug] 1 [PackageName] WindowsEditor [ProjectName] Editor" joined multi-casting on [225.0.0.222:54997]...

Player connection [8048] Host "[IP] 192.168.1.206 [Port] 0 [Flags] 2 [Guid] 4530303 [EditorId] 4530303 [Version] 1048832 [Id] WindowsEditor(7,Ananya-PC) [Debug] 1 [PackageName] WindowsEditor [ProjectName] Editor" joined alternative multi-casting on [225.0.0.222:34997]...

Refreshing native plugins compatible for Editor in 102.28 ms, found 6 plugins.
Preloading 0 native plugins for Editor in 0.00 ms.
Initialize engine version: 2021.3.16f1 (4016570cf34f)
[Subsystems] Discovering subsystems at path C:/Program Files/Unity/Hub/Editor/2021.3.16f1/Editor/Data/Resources/UnitySubsystems
[Subsystems] Discovering subsystems at path C:/Users/anany/Desktop/UTD/2nd sem/Virtual Reality/Project/Verkea/Verkea/Assets
GfxDevice: creating device client; threaded=0; jobified=0
Direct3D:
    Version:  Direct3D 11.0 [level 11.1]
    Renderer: Intel(R) Iris(R) Xe Graphics (ID=0x9a49)
    Vendor:   Intel
    VRAM:     8053 MB
    Driver:   31.0.101.4502
Initialize mono
Mono path[0] = 'C:/Program Files/Unity/Hub/Editor/2021.3.16f1/Editor/Data/Managed'
Mono path[1] = 'C:/Program Files/Unity/Hub/Editor/2021.3.16f1/Editor/Data/MonoBleedingEdge/lib/mono/unityjit-win32'
Mono config path = 'C:/Program Files/Unity/Hub/Editor/2021.3.16f1/Editor/Data/MonoBleedingEdge/etc'
Using monoOptions --debugger-agent=transport=dt_socket,embedding=1,server=y,suspend=n,address=127.0.0.1:56680
Begin MonoManager ReloadAssembly
Registering precompiled unity dll's ...
Register platform support module: C:/Program Files/Unity/Hub/Editor/2021.3.16f1/Editor/Data/PlaybackEngines/AndroidPlayer/UnityEditor.Android.Extensions.dll
Register platform support module: C:/Program Files/Unity/Hub/Editor/2021.3.16f1/Editor/Data/PlaybackEngines/WindowsStandaloneSupport/UnityEditor.WindowsStandalone.Extensions.dll
Registered in 0.005842 seconds.
Native extension for WindowsStandalone target not found
Native extension for Android target not found
Refreshing native plugins compatible for Editor in 90.38 ms, found 6 plugins.
Preloading 0 native plugins for Editor in 0.00 ms.
Mono: successfully reloaded assembly
- Completed reload, in  0.655 seconds
Domain Reload Profiling:
	ReloadAssembly (655ms)
		BeginReloadAssembly (73ms)
			ExecutionOrderSort (0ms)
			DisableScriptedObjects (0ms)
			BackupInstance (0ms)
			ReleaseScriptingObjects (0ms)
			CreateAndSetChildDomain (1ms)
		EndReloadAssembly (465ms)
			LoadAssemblies (71ms)
			RebuildTransferFunctionScriptingTraits (0ms)
			SetupTypeCache (98ms)
			ReleaseScriptCaches (0ms)
			RebuildScriptCaches (25ms)
			SetupLoadedEditorAssemblies (295ms)
				LogAssemblyErrors (0ms)
				InitializePlatformSupportModulesInManaged (58ms)
				SetLoadedEditorAssemblies (0ms)
				RefreshPlugins (90ms)
				BeforeProcessingInitializeOnLoad (2ms)
				ProcessInitializeOnLoadAttributes (97ms)
				ProcessInitializeOnLoadMethodAttributes (46ms)
				AfterProcessingInitializeOnLoad (0ms)
				EditorAssembliesLoaded (0ms)
			ExecutionOrderSort2 (0ms)
			AwakeInstancesAfterBackupRestoration (0ms)
Platform modules already initialized, skipping
Registering precompiled user dll's ...
Registered in 0.008408 seconds.
Begin MonoManager ReloadAssembly
Native extension for WindowsStandalone target not found
Native extension for Android target not found
Refreshing native plugins compatible for Editor in 1.17 ms, found 6 plugins.
Preloading 0 native plugins for Editor in 0.00 ms.
Package Manager log level set to [2]
Mono: successfully reloaded assembly
- Completed reload, in  2.079 seconds
Domain Reload Profiling:
	ReloadAssembly (2080ms)
		BeginReloadAssembly (244ms)
			ExecutionOrderSort (0ms)
			DisableScriptedObjects (7ms)
			BackupInstance (0ms)
			ReleaseScriptingObjects (0ms)
			CreateAndSetChildDomain (146ms)
		EndReloadAssembly (1730ms)
			LoadAssemblies (90ms)
			RebuildTransferFunctionScriptingTraits (0ms)
			SetupTypeCache (460ms)
			ReleaseScriptCaches (1ms)
			RebuildScriptCaches (78ms)
			SetupLoadedEditorAssemblies (1056ms)
				LogAssemblyErrors (0ms)
				InitializePlatformSupportModulesInManaged (16ms)
				SetLoadedEditorAssemblies (1ms)
				RefreshPlugins (1ms)
				BeforeProcessingInitializeOnLoad (99ms)
				ProcessInitializeOnLoadAttributes (900ms)
				ProcessInitializeOnLoadMethodAttributes (34ms)
				AfterProcessingInitializeOnLoad (5ms)
				EditorAssembliesLoaded (0ms)
			ExecutionOrderSort2 (0ms)
			AwakeInstancesAfterBackupRestoration (6ms)
Platform modules already initialized, skipping
========================================================================
Worker process is ready to serve import requests
Launched and connected shader compiler UnityShaderCompiler.exe after 0.05 seconds
Refreshing native plugins compatible for Editor in 1.13 ms, found 6 plugins.
Preloading 0 native plugins for Editor in 0.00 ms.
Unloading 4462 Unused Serialized files (Serialized files now loaded: 0)
Unloading 78 unused Assets / (114.5 KB). Loaded Objects now: 4879.
Memory consumption went from 161.2 MB to 161.1 MB.
Total: 3.300800 ms (FindLiveObjects: 0.301900 ms CreateObjectMapping: 0.169100 ms MarkObjects: 2.686200 ms  DeleteObjects: 0.142800 ms)

AssetImportParameters requested are different than current active one (requested -> active):
  custom:video-decoder-ogg-theora: a1e56fd34408186e4bbccfd4996cb3dc -> 
  custom:container-muxer-webm: aa71ff27fc2769a1b78a27578f13a17b -> 
  custom:container-demuxer-webm: 4f35f7cbe854078d1ac9338744f61a02 -> 
  custom:video-encoder-webm-vp8: eb34c28f22e8b96e1ab97ce403110664 -> 
  custom:video-codec-MediaFoundation-h265: 746d11721c4dcdbdad8f713fa42b33f4 -> 
  custom:audio-encoder-webm-vorbis: bf7c407c2cedff20999df2af8eb42d56 -> 
  custom:framework-win-MediaFoundation: 216162199b28c13a410421893ffa2e32 -> 
  custom:container-demuxer-ogg: 62fdf1f143b41e24485cea50d1cbac27 -> 
  custom:video-decoder-webm-vp8: 9c59270c3fd7afecdb556c50c9e8de78 -> 
  custom:audio-decoder-ogg-vorbis: bf7c407c2cedff20999df2af8eb42d56 -> 
========================================================================
Received Import Request.
  Time since last request: 343908.430102 seconds.
  path: Assets/Materials/Light.mat
  artifactKey: Guid(b6eb6afe4163aa74a9b92dedeca73f2c) Importer(815301076,1909f56bfc062723c751e8b465ee728b)
Start importing Assets/Materials/Light.mat using Guid(b6eb6afe4163aa74a9b92dedeca73f2c) Importer(815301076,1909f56bfc062723c751e8b465ee728b)  -> (artifact id: '8195defb2ef3c48299b92a296095b19a') in 0.194451 seconds 
========================================================================
Received Import Request.
  Time since last request: 0.000147 seconds.
  path: Assets/Materials/Tiles_floor(09).mat
  artifactKey: Guid(6be3fd6e750e2c24db940636b1f2e1d5) Importer(815301076,1909f56bfc062723c751e8b465ee728b)
Start importing Assets/Materials/Tiles_floor(09).mat using Guid(6be3fd6e750e2c24db940636b1f2e1d5) Importer(815301076,1909f56bfc062723c751e8b465ee728b)  -> (artifact id: '55f0e10f3d3e3468c3b26374bbca875a') in 0.045435 seconds 
========================================================================
Received Import Request.
  Time since last request: 0.000041 seconds.
  path: Assets/Materials/concrete_0021_color_4k.jpg
  artifactKey: Guid(f8c07df735eb29f48ad9a8d25cd093f5) Importer(815301076,1909f56bfc062723c751e8b465ee728b)
Start importing Assets/Materials/concrete_0021_color_4k.jpg using Guid(f8c07df735eb29f48ad9a8d25cd093f5) Importer(815301076,1909f56bfc062723c751e8b465ee728b)  -> (artifact id: 'db879589c361494915b4f6f6629b1402') in 0.047812 seconds 
========================================================================
Received Import Request.
  Time since last request: 0.000032 seconds.
  path: Assets/Materials/Wall separation(inside).mat
  artifactKey: Guid(f445a68b20c48d545849e13465a75049) Importer(815301076,1909f56bfc062723c751e8b465ee728b)
Start importing Assets/Materials/Wall separation(inside).mat using Guid(f445a68b20c48d545849e13465a75049) Importer(815301076,1909f56bfc062723c751e8b465ee728b)  -> (artifact id: '399952ad8aba289215e8888f19c1e358') in 0.042150 seconds 
========================================================================
Received Import Request.
  Time since last request: 0.000029 seconds.
  path: Assets/Materials/living-room-with-tv-set-game-console-furniture-free-vector.jpg
  artifactKey: Guid(8f30046cf3fe16d409efa2777905bb1a) Importer(815301076,1909f56bfc062723c751e8b465ee728b)
Start importing Assets/Materials/living-room-with-tv-set-game-console-furniture-free-vector.jpg using Guid(8f30046cf3fe16d409efa2777905bb1a) Importer(815301076,1909f56bfc062723c751e8b465ee728b)  -> (artifact id: 'b9d1741c6aeb1b746d711f443260c722') in 0.194873 seconds 
========================================================================
Received Import Request.
  Time since last request: 19.046105 seconds.
  path: Assets/Furnitures/Furniture/Prefabs/3Seat2.prefab
  artifactKey: Guid(bd72486aa780d7c488fce4c5de88266f) Importer(815301076,1909f56bfc062723c751e8b465ee728b)
Start importing Assets/Furnitures/Furniture/Prefabs/3Seat2.prefab using Guid(bd72486aa780d7c488fce4c5de88266f) Importer(815301076,1909f56bfc062723c751e8b465ee728b)  -> (artifact id: '695df030fd570da39590d81d1196faf2') in 0.051244 seconds 
========================================================================
Received Import Request.
  Time since last request: 0.000035 seconds.
  path: Assets/Furnitures/Furniture/Prefabs/Couch.prefab
  artifactKey: Guid(2d5da6ebed3d1dc4db41b66b5eac1997) Importer(815301076,1909f56bfc062723c751e8b465ee728b)
Start importing Assets/Furnitures/Furniture/Prefabs/Couch.prefab using Guid(2d5da6ebed3d1dc4db41b66b5eac1997) Importer(815301076,1909f56bfc062723c751e8b465ee728b)  -> (artifact id: '8798fd82ac2c6cece665b10f30881760') in 0.034799 seconds 
========================================================================
Received Import Request.
  Time since last request: 0.000055 seconds.
  path: Assets/Furnitures/Furniture/Prefabs/SmallCloset.prefab
  artifactKey: Guid(0811362ae53573c47be253aac1dbdd5d) Importer(815301076,1909f56bfc062723c751e8b465ee728b)
Start importing Assets/Furnitures/Furniture/Prefabs/SmallCloset.prefab using Guid(0811362ae53573c47be253aac1dbdd5d) Importer(815301076,1909f56bfc062723c751e8b465ee728b)  -> (artifact id: '32984c759adb4985d0ee7032616c02de') in 0.043357 seconds 
========================================================================
Received Import Request.
  Time since last request: 0.000037 seconds.
  path: Assets/Furnitures/Furniture/Prefabs/MetalTable.prefab
  artifactKey: Guid(204da6aadc13e164eac745605815a273) Importer(815301076,1909f56bfc062723c751e8b465ee728b)
Start importing Assets/Furnitures/Furniture/Prefabs/MetalTable.prefab using Guid(204da6aadc13e164eac745605815a273) Importer(815301076,1909f56bfc062723c751e8b465ee728b)  -> (artifact id: 'cacf7674b4beae109809e8f9e7000567') in 0.046199 seconds 
========================================================================
Received Import Request.
  Time since last request: 0.000032 seconds.
  path: Assets/Furnitures/Furniture/Prefabs/3Seat3.prefab
  artifactKey: Guid(d9e6213ffc5943b4db8396985aa3f894) Importer(815301076,1909f56bfc062723c751e8b465ee728b)
Start importing Assets/Furnitures/Furniture/Prefabs/3Seat3.prefab using Guid(d9e6213ffc5943b4db8396985aa3f894) Importer(815301076,1909f56bfc062723c751e8b465ee728b)  -> (artifact id: '2dbf069311902811b23becf411525908') in 0.045301 seconds 
========================================================================
Received Import Request.
  Time since last request: 0.000024 seconds.
  path: Assets/Furnitures/Furniture/Prefabs/closet2.prefab
  artifactKey: Guid(7be1856a1844e5a47b82d7cb61f184e5) Importer(815301076,1909f56bfc062723c751e8b465ee728b)
Start importing Assets/Furnitures/Furniture/Prefabs/closet2.prefab using Guid(7be1856a1844e5a47b82d7cb61f184e5) Importer(815301076,1909f56bfc062723c751e8b465ee728b)  -> (artifact id: '4ae8887b6ae971b529bff562f0227929') in 0.038103 seconds 
========================================================================
Received Import Request.
  Time since last request: 0.000068 seconds.
  path: Assets/Furnitures/Furniture/Prefabs/BigCloset.prefab
  artifactKey: Guid(9d4494b8b100519479f9699c5a7390a9) Importer(815301076,1909f56bfc062723c751e8b465ee728b)
Start importing Assets/Furnitures/Furniture/Prefabs/BigCloset.prefab using Guid(9d4494b8b100519479f9699c5a7390a9) Importer(815301076,1909f56bfc062723c751e8b465ee728b)  -> (artifact id: '15112586f837c15f45a71a7a925eebf4') in 0.045326 seconds 
========================================================================
Received Import Request.
  Time since last request: 11.298146 seconds.
  path: Assets/Furnitures/Furniture_FREE/Prefabs/bed_001.prefab
  artifactKey: Guid(82f624b1964c7ba4fb21eae95f185a9c) Importer(815301076,1909f56bfc062723c751e8b465ee728b)
Start importing Assets/Furnitures/Furniture_FREE/Prefabs/bed_001.prefab using Guid(82f624b1964c7ba4fb21eae95f185a9c) Importer(815301076,1909f56bfc062723c751e8b465ee728b)  -> (artifact id: '98da4c706ba0ef9ae4faf12b73616b74') in 0.021234 seconds 
========================================================================
Received Import Request.
  Time since last request: 0.000028 seconds.
  path: Assets/Furnitures/Furniture_FREE/Prefabs/kitchen_chair_001.prefab
  artifactKey: Guid(528a0e588f6fa5447928329240509219) Importer(815301076,1909f56bfc062723c751e8b465ee728b)
Start importing Assets/Furnitures/Furniture_FREE/Prefabs/kitchen_chair_001.prefab using Guid(528a0e588f6fa5447928329240509219) Importer(815301076,1909f56bfc062723c751e8b465ee728b)  -> (artifact id: '18850e321cec931baa5bdd67fd4074ca') in 0.026524 seconds 
========================================================================
Received Import Request.
  Time since last request: 0.000034 seconds.
  path: Assets/Furnitures/Furniture_FREE/Prefabs/clothes_002.prefab
  artifactKey: Guid(c935566373de4944689c3ab2d7f16480) Importer(815301076,1909f56bfc062723c751e8b465ee728b)
Start importing Assets/Furnitures/Furniture_FREE/Prefabs/clothes_002.prefab using Guid(c935566373de4944689c3ab2d7f16480) Importer(815301076,1909f56bfc062723c751e8b465ee728b)  -> (artifact id: '723e49902951b2d798196119b6464817') in 0.027966 seconds 
========================================================================
Received Import Request.
  Time since last request: 0.000049 seconds.
  path: Assets/Furnitures/Furniture_FREE/Prefabs/dumbbell_001.prefab
  artifactKey: Guid(f556d04045a305d4d8c954744120bad6) Importer(815301076,1909f56bfc062723c751e8b465ee728b)
Start importing Assets/Furnitures/Furniture_FREE/Prefabs/dumbbell_001.prefab using Guid(f556d04045a305d4d8c954744120bad6) Importer(815301076,1909f56bfc062723c751e8b465ee728b)  -> (artifact id: '6f135b3d23ab5d012230c3808ec6645e') in 0.025765 seconds 
========================================================================
Received Import Request.
  Time since last request: 0.000026 seconds.
  path: Assets/Furnitures/Furniture_FREE/Prefabs/kitchen_sink_001.prefab
  artifactKey: Guid(9f5e01d181b4aca42913e46cd6c8023d) Importer(815301076,1909f56bfc062723c751e8b465ee728b)
Start importing Assets/Furnitures/Furniture_FREE/Prefabs/kitchen_sink_001.prefab using Guid(9f5e01d181b4aca42913e46cd6c8023d) Importer(815301076,1909f56bfc062723c751e8b465ee728b)  -> (artifact id: '66cc3917219aaf074b43f4a7087c4779') in 0.025912 seconds 
========================================================================
Received Import Request.
  Time since last request: 0.000029 seconds.
  path: Assets/Furnitures/Furniture_FREE/Prefabs/fridge_001.prefab
  artifactKey: Guid(a457d02d5bf10c9459386d5931ca3a94) Importer(815301076,1909f56bfc062723c751e8b465ee728b)
Start importing Assets/Furnitures/Furniture_FREE/Prefabs/fridge_001.prefab using Guid(a457d02d5bf10c9459386d5931ca3a94) Importer(815301076,1909f56bfc062723c751e8b465ee728b)  -> (artifact id: '125b841eaf2365d534a8984dafbb5167') in 0.025589 seconds 
========================================================================
Received Import Request.
  Time since last request: 0.000026 seconds.
  path: Assets/Furnitures/Furniture_FREE/Prefabs/clothes_001.prefab
  artifactKey: Guid(de5541a6f611e194dad2bc6ba668ed75) Importer(815301076,1909f56bfc062723c751e8b465ee728b)
Start importing Assets/Furnitures/Furniture_FREE/Prefabs/clothes_001.prefab using Guid(de5541a6f611e194dad2bc6ba668ed75) Importer(815301076,1909f56bfc062723c751e8b465ee728b)  -> (artifact id: '493b69e47e5af12a7cd95e8d6530fcdc') in 0.024891 seconds 
========================================================================
Received Import Request.
  Time since last request: 0.000093 seconds.
  path: Assets/Furnitures/Furniture_FREE/Prefabs/ketchup_001.prefab
  artifactKey: Guid(5895ab0d93729844eb987d6034e2908c) Importer(815301076,1909f56bfc062723c751e8b465ee728b)
Start importing Assets/Furnitures/Furniture_FREE/Prefabs/ketchup_001.prefab using Guid(5895ab0d93729844eb987d6034e2908c) Importer(815301076,1909f56bfc062723c751e8b465ee728b)  -> (artifact id: '3c56d4f680c6e90499e6841fd16f5f6b') in 0.038242 seconds 
========================================================================
Received Import Request.
  Time since last request: 0.000026 seconds.
  path: Assets/Furnitures/Furniture_FREE/Prefabs/flower_001.prefab
  artifactKey: Guid(625c63d1d4491964d8bdca1e8140e3c1) Importer(815301076,1909f56bfc062723c751e8b465ee728b)
Start importing Assets/Furnitures/Furniture_FREE/Prefabs/flower_001.prefab using Guid(625c63d1d4491964d8bdca1e8140e3c1) Importer(815301076,1909f56bfc062723c751e8b465ee728b)  -> (artifact id: 'fef06e7bf04481fc10f650475953d0c1') in 0.030933 seconds 
========================================================================
Received Import Request.
  Time since last request: 11.485421 seconds.
  path: Assets/Furnitures/Furniture/Prefabs/office_table_001.prefab
  artifactKey: Guid(70f2476d20751ab40955cefa08b6f978) Importer(815301076,1909f56bfc062723c751e8b465ee728b)
Start importing Assets/Furnitures/Furniture/Prefabs/office_table_001.prefab using Guid(70f2476d20751ab40955cefa08b6f978) Importer(815301076,1909f56bfc062723c751e8b465ee728b)  -> (artifact id: '2be628a54559ef3265702dc72eb0b9fa') in 0.017370 seconds 
========================================================================
Received Import Request.
  Time since last request: 0.000020 seconds.
  path: Assets/Furnitures/Furniture/Prefabs/training_item_001.prefab
  artifactKey: Guid(ab145dca38e163c4f83421188439db38) Importer(815301076,1909f56bfc062723c751e8b465ee728b)
Start importing Assets/Furnitures/Furniture/Prefabs/training_item_001.prefab using Guid(ab145dca38e163c4f83421188439db38) Importer(815301076,1909f56bfc062723c751e8b465ee728b)  -> (artifact id: 'ce09f5195e7e50afcaaf9187b2a9c471') in 0.025191 seconds 
========================================================================
Received Import Request.
  Time since last request: 0.000033 seconds.
  path: Assets/Furnitures/Furniture/Prefabs/sofa_001.prefab
  artifactKey: Guid(c12cbdd8c7f58cc4e82747b66b152ca9) Importer(815301076,1909f56bfc062723c751e8b465ee728b)
Start importing Assets/Furnitures/Furniture/Prefabs/sofa_001.prefab using Guid(c12cbdd8c7f58cc4e82747b66b152ca9) Importer(815301076,1909f56bfc062723c751e8b465ee728b)  -> (artifact id: 'c8ec85133e959e218f22bb287fd66207') in 0.027689 seconds 
========================================================================
Received Import Request.
  Time since last request: 0.000033 seconds.
  path: Assets/Furnitures/Furniture/Prefabs/toy_002.prefab
  artifactKey: Guid(a9b3dec6c36033744a62441b6a92cd76) Importer(815301076,1909f56bfc062723c751e8b465ee728b)
Start importing Assets/Furnitures/Furniture/Prefabs/toy_002.prefab using Guid(a9b3dec6c36033744a62441b6a92cd76) Importer(815301076,1909f56bfc062723c751e8b465ee728b)  -> (artifact id: '95e5feb9d23471d8fd7f38441ad39138') in 0.022810 seconds 
========================================================================
Received Import Request.
  Time since last request: 25.304988 seconds.
  path: Assets/Furnitures/Resources/prefabs/bed_001.prefab
  artifactKey: Guid(a60618adc2bf9364ba602d5ba79820fc) Importer(815301076,1909f56bfc062723c751e8b465ee728b)
Start importing Assets/Furnitures/Resources/prefabs/bed_001.prefab using Guid(a60618adc2bf9364ba602d5ba79820fc) Importer(815301076,1909f56bfc062723c751e8b465ee728b)  -> (artifact id: '48b335563a0b1f3021731cf760e8d5b7') in 0.025430 seconds 
========================================================================
Received Import Request.
  Time since last request: 0.945079 seconds.
  path: Assets/Furnitures/Resources/prefabs/clothes_001.prefab
  artifactKey: Guid(f5d19cf12bb93804eade44137083b656) Importer(815301076,1909f56bfc062723c751e8b465ee728b)
Start importing Assets/Furnitures/Resources/prefabs/clothes_001.prefab using Guid(f5d19cf12bb93804eade44137083b656) Importer(815301076,1909f56bfc062723c751e8b465ee728b)  -> (artifact id: '034ff033133e8e54e9e05ec31168cf2a') in 0.021732 seconds 
========================================================================
Received Import Request.
  Time since last request: 0.000022 seconds.
  path: Assets/Furnitures/Resources/prefabs/coffee_table_001.prefab
  artifactKey: Guid(3a5693b48e48bd547adff23cdd54ded1) Importer(815301076,1909f56bfc062723c751e8b465ee728b)
Start importing Assets/Furnitures/Resources/prefabs/coffee_table_001.prefab using Guid(3a5693b48e48bd547adff23cdd54ded1) Importer(815301076,1909f56bfc062723c751e8b465ee728b)  -> (artifact id: '31105e3722d0434790ae07269f7d4c5b') in 0.018635 seconds 
========================================================================
Received Import Request.
  Time since last request: 0.385907 seconds.
  path: Assets/Furnitures/Resources/prefabs/door_001.prefab
  artifactKey: Guid(590fe1660b1a48e4f90291715d0dbd94) Importer(815301076,1909f56bfc062723c751e8b465ee728b)
Start importing Assets/Furnitures/Resources/prefabs/door_001.prefab using Guid(590fe1660b1a48e4f90291715d0dbd94) Importer(815301076,1909f56bfc062723c751e8b465ee728b)  -> (artifact id: '73d83c49bbc22ef5bdb9ef61db4753ba') in 0.014998 seconds 
========================================================================
Received Import Request.
  Time since last request: 0.000029 seconds.
  path: Assets/Furnitures/Resources/prefabs/door_frame_001.prefab
  artifactKey: Guid(6152ccdcf07c831489c44c4afe8d6b6d) Importer(815301076,1909f56bfc062723c751e8b465ee728b)
Start importing Assets/Furnitures/Resources/prefabs/door_frame_001.prefab using Guid(6152ccdcf07c831489c44c4afe8d6b6d) Importer(815301076,1909f56bfc062723c751e8b465ee728b)  -> (artifact id: '9c59b2fd6d2e8de27776ca3aee35713d') in 0.014181 seconds 
========================================================================
Received Import Request.
  Time since last request: 0.032517 seconds.
  path: Assets/Furnitures/Resources/prefabs/dumbbell_002.prefab
  artifactKey: Guid(6c413c7d4518a3c40beca47d1e308d9a) Importer(815301076,1909f56bfc062723c751e8b465ee728b)
Start importing Assets/Furnitures/Resources/prefabs/dumbbell_002.prefab using Guid(6c413c7d4518a3c40beca47d1e308d9a) Importer(815301076,1909f56bfc062723c751e8b465ee728b)  -> (artifact id: '067b4eceeef518db1306a3037c18d2c3') in 0.012177 seconds 
========================================================================
Received Import Request.
  Time since last request: 0.364264 seconds.
  path: Assets/Furnitures/Resources/prefabs/kitchen_sink_001.prefab
  artifactKey: Guid(130e54c6e13e6614897fef6346a51c14) Importer(815301076,1909f56bfc062723c751e8b465ee728b)
Start importing Assets/Furnitures/Resources/prefabs/kitchen_sink_001.prefab using Guid(130e54c6e13e6614897fef6346a51c14) Importer(815301076,1909f56bfc062723c751e8b465ee728b)  -> (artifact id: '19557b21fc9915c794804827bb2aa7bb') in 0.013441 seconds 
========================================================================
Received Import Request.
  Time since last request: 0.000023 seconds.
  path: Assets/Furnitures/Resources/prefabs/lamp_001.prefab
  artifactKey: Guid(174f081bc8913314a8823b52800665d4) Importer(815301076,1909f56bfc062723c751e8b465ee728b)
Start importing Assets/Furnitures/Resources/prefabs/lamp_001.prefab using Guid(174f081bc8913314a8823b52800665d4) Importer(815301076,1909f56bfc062723c751e8b465ee728b)  -> (artifact id: '44886dd64703caf73be27a1dcc765766') in 0.011110 seconds 
========================================================================
Received Import Request.
  Time since last request: 0.003420 seconds.
  path: Assets/Furnitures/Resources/prefabs/microwave_oven_001.prefab
  artifactKey: Guid(117d82aef2b9cf045843fd30d4f78fca) Importer(815301076,1909f56bfc062723c751e8b465ee728b)
Start importing Assets/Furnitures/Resources/prefabs/microwave_oven_001.prefab using Guid(117d82aef2b9cf045843fd30d4f78fca) Importer(815301076,1909f56bfc062723c751e8b465ee728b)  -> (artifact id: 'cfd41f7b2b7527bd3781354219966c80') in 0.013503 seconds 
========================================================================
Received Import Request.
  Time since last request: 0.000028 seconds.
  path: Assets/Furnitures/Resources/prefabs/musical_instrument_001.prefab
  artifactKey: Guid(5b7bcdcef59b4ac4b87d300c0baf0ad0) Importer(815301076,1909f56bfc062723c751e8b465ee728b)
Start importing Assets/Furnitures/Resources/prefabs/musical_instrument_001.prefab using Guid(5b7bcdcef59b4ac4b87d300c0baf0ad0) Importer(815301076,1909f56bfc062723c751e8b465ee728b)  -> (artifact id: 'd257b4ffce8784b867a17b5b863529b5') in 0.012715 seconds 
========================================================================
Received Import Request.
  Time since last request: 0.532333 seconds.
  path: Assets/Furnitures/Resources/prefabs/toy_002.prefab
  artifactKey: Guid(2203de5ede9420748829b6a463506f56) Importer(815301076,1909f56bfc062723c751e8b465ee728b)
Start importing Assets/Furnitures/Resources/prefabs/toy_002.prefab using Guid(2203de5ede9420748829b6a463506f56) Importer(815301076,1909f56bfc062723c751e8b465ee728b)  -> (artifact id: '341fab893612404ea57ae2c033589207') in 0.013337 seconds 
========================================================================
Received Import Request.
  Time since last request: 19.322977 seconds.
  path: Assets/Furnitures/Toon Furniture/Prefabs/BookCase_2.prefab
  artifactKey: Guid(1eb26652852494a46b858aaadeaf53b9) Importer(815301076,1909f56bfc062723c751e8b465ee728b)
Start importing Assets/Furnitures/Toon Furniture/Prefabs/BookCase_2.prefab using Guid(1eb26652852494a46b858aaadeaf53b9) Importer(815301076,1909f56bfc062723c751e8b465ee728b)  -> (artifact id: '8691b03afb9599bade5695a490e53e62') in 0.020331 seconds 
========================================================================
Received Import Request.
  Time since last request: 0.000025 seconds.
  path: Assets/Furnitures/Toon Furniture/Prefabs/Chair_3.prefab
  artifactKey: Guid(501a8d827efdb46428331ddafc6ebcfb) Importer(815301076,1909f56bfc062723c751e8b465ee728b)
Start importing Assets/Furnitures/Toon Furniture/Prefabs/Chair_3.prefab using Guid(501a8d827efdb46428331ddafc6ebcfb) Importer(815301076,1909f56bfc062723c751e8b465ee728b)  -> (artifact id: '7e0892fd0970f9252cf0726fe9d63ae4') in 0.018916 seconds 
========================================================================
Received Import Request.
  Time since last request: 0.000036 seconds.
  path: Assets/Furnitures/Toon Furniture/Prefabs/CoffeTable_1.prefab
  artifactKey: Guid(a7af7c386c8ee004caf37cd1d71d8c64) Importer(815301076,1909f56bfc062723c751e8b465ee728b)
Start importing Assets/Furnitures/Toon Furniture/Prefabs/CoffeTable_1.prefab using Guid(a7af7c386c8ee004caf37cd1d71d8c64) Importer(815301076,1909f56bfc062723c751e8b465ee728b)  -> (artifact id: '304bf0f7c96b2e2872471e83dfcd0ba8') in 0.021494 seconds 
========================================================================
Received Import Request.
  Time since last request: 0.000029 seconds.
  path: Assets/Furnitures/Toon Furniture/Prefabs/Books_1_3.prefab
  artifactKey: Guid(1a27df5e1c26d5e44a9d3a8806918347) Importer(815301076,1909f56bfc062723c751e8b465ee728b)
Start importing Assets/Furnitures/Toon Furniture/Prefabs/Books_1_3.prefab using Guid(1a27df5e1c26d5e44a9d3a8806918347) Importer(815301076,1909f56bfc062723c751e8b465ee728b)  -> (artifact id: '9fda9e10e1f56a72bf9324e5e60a2590') in 0.017944 seconds 
========================================================================
Received Import Request.
  Time since last request: 0.000028 seconds.
  path: Assets/Furnitures/Toon Furniture/Prefabs/CoffeTable_3.prefab
  artifactKey: Guid(2b7c375f21b4be844af404753233cc1b) Importer(815301076,1909f56bfc062723c751e8b465ee728b)
Start importing Assets/Furnitures/Toon Furniture/Prefabs/CoffeTable_3.prefab using Guid(2b7c375f21b4be844af404753233cc1b) Importer(815301076,1909f56bfc062723c751e8b465ee728b)  -> (artifact id: '65039b4aaa5b15ed9033a573bd04a4f3') in 0.029542 seconds 
========================================================================
Received Import Request.
  Time since last request: 0.000025 seconds.
  path: Assets/Furnitures/Toon Furniture/Prefabs/Couch_3.prefab
  artifactKey: Guid(9a7dfaaf69ad34b42b33f829f63359a6) Importer(815301076,1909f56bfc062723c751e8b465ee728b)
Start importing Assets/Furnitures/Toon Furniture/Prefabs/Couch_3.prefab using Guid(9a7dfaaf69ad34b42b33f829f63359a6) Importer(815301076,1909f56bfc062723c751e8b465ee728b)  -> (artifact id: 'c62c87bf6325fd8e419028776782b550') in 0.030056 seconds 
========================================================================
Received Import Request.
  Time since last request: 0.000033 seconds.
  path: Assets/Furnitures/Toon Furniture/Prefabs/Counter_2_2.prefab
  artifactKey: Guid(47473bee66a6ac94ebbf75b71bb5e613) Importer(815301076,1909f56bfc062723c751e8b465ee728b)
Start importing Assets/Furnitures/Toon Furniture/Prefabs/Counter_2_2.prefab using Guid(47473bee66a6ac94ebbf75b71bb5e613) Importer(815301076,1909f56bfc062723c751e8b465ee728b)  -> (artifact id: '0b375ed869a6cffba9c6a729d510ed16') in 0.034551 seconds 
========================================================================
Received Import Request.
  Time since last request: 0.000039 seconds.
  path: Assets/Furnitures/Toon Furniture/Prefabs/Couch_2.prefab
  artifactKey: Guid(c7a758ce3911d73459e569699b11ad57) Importer(815301076,1909f56bfc062723c751e8b465ee728b)
Start importing Assets/Furnitures/Toon Furniture/Prefabs/Couch_2.prefab using Guid(c7a758ce3911d73459e569699b11ad57) Importer(815301076,1909f56bfc062723c751e8b465ee728b)  -> (artifact id: '831a862c4516714b45831c23ebfbcce8') in 0.024540 seconds 
========================================================================
Received Import Request.
  Time since last request: 0.000063 seconds.
  path: Assets/Furnitures/Toon Furniture/Prefabs/Cooker_1.prefab
  artifactKey: Guid(bc6f14dc05461074c8c0d5757abe91b4) Importer(815301076,1909f56bfc062723c751e8b465ee728b)
Start importing Assets/Furnitures/Toon Furniture/Prefabs/Cooker_1.prefab using Guid(bc6f14dc05461074c8c0d5757abe91b4) Importer(815301076,1909f56bfc062723c751e8b465ee728b)  -> (artifact id: '6e9ef1fa2c1e0b147236135803d632fe') in 0.025095 seconds 
========================================================================
Received Import Request.
  Time since last request: 0.000036 seconds.
  path: Assets/Furnitures/Toon Furniture/Prefabs/Counter_2_1.prefab
  artifactKey: Guid(3a209101fa882e0459e545dce80169f4) Importer(815301076,1909f56bfc062723c751e8b465ee728b)
Start importing Assets/Furnitures/Toon Furniture/Prefabs/Counter_2_1.prefab using Guid(3a209101fa882e0459e545dce80169f4) Importer(815301076,1909f56bfc062723c751e8b465ee728b)  -> (artifact id: '4a74d4e8694c2ba5b938509dd6aedcdd') in 0.036319 seconds 
========================================================================
Received Import Request.
  Time since last request: 21.643046 seconds.
  path: Assets/Furnitures/Resources/prefabs/Vase_2 1.prefab
  artifactKey: Guid(0449013a45ea6b347b35f63e30c8523b) Importer(815301076,1909f56bfc062723c751e8b465ee728b)
Start importing Assets/Furnitures/Resources/prefabs/Vase_2 1.prefab using Guid(0449013a45ea6b347b35f63e30c8523b) Importer(815301076,1909f56bfc062723c751e8b465ee728b)  -> (artifact id: '4efe38dd340c2c679f5834b62d98a675') in 0.029215 seconds 
Editor requested this worker to shutdown with reason: Scaling down because of idle timeout
AssetImportWorker is now disconnected from the server
Process exiting
Exiting without the bug reporter. Application will terminate with return code 0