Using pre-set license
Built from '2021.3/evg/staging/82bb020e-b03b1330/draft-0' branch; Version is '2021.3.16f1 (4016570cf34f) revision 4200023'; Using compiler version '192829333'; Build Type 'Release'
OS: 'Windows 11  (10.0.22631) 64bit Core' Language: 'en' Physical Memory: 16107 MB
BatchMode: 1, IsHumanControllingUs: 0, StartBugReporterOnCrash: 0, Is64bit: 1, IsPro: 1

COMMAND LINE ARGUMENTS:
C:\Program Files\Unity\Hub\Editor\2021.3.16f1\Editor\Unity.exe
-adb2
-batchMode
-noUpm
-name
AssetImportWorker5
-projectPath
C:/Users/anany/Desktop/UTD/2nd sem/Virtual Reality/Project/Verkea/Verkea
-logFile
Logs/AssetImportWorker5.log
-srvPort
64681
Successfully changed project path to: C:/Users/anany/Desktop/UTD/2nd sem/Virtual Reality/Project/Verkea/Verkea
C:/Users/anany/Desktop/UTD/2nd sem/Virtual Reality/Project/Verkea/Verkea
[UnityMemory] Configuration Parameters - Can be set up in boot.config
    "memorysetup-bucket-allocator-granularity=16"
    "memorysetup-bucket-allocator-bucket-count=8"
    "memorysetup-bucket-allocator-block-size=33554432"
    "memorysetup-bucket-allocator-block-count=8"
    "memorysetup-main-allocator-block-size=16777216"
    "memorysetup-thread-allocator-block-size=16777216"
    "memorysetup-gfx-main-allocator-block-size=16777216"
    "memorysetup-gfx-thread-allocator-block-size=16777216"
    "memorysetup-cache-allocator-block-size=4194304"
    "memorysetup-typetree-allocator-block-size=2097152"
    "memorysetup-profiler-bucket-allocator-granularity=16"
    "memorysetup-profiler-bucket-allocator-bucket-count=8"
    "memorysetup-profiler-bucket-allocator-block-size=33554432"
    "memorysetup-profiler-bucket-allocator-block-count=8"
    "memorysetup-profiler-allocator-block-size=16777216"
    "memorysetup-profiler-editor-allocator-block-size=1048576"
    "memorysetup-temp-allocator-size-main=16777216"
    "memorysetup-job-temp-allocator-block-size=2097152"
    "memorysetup-job-temp-allocator-block-size-background=1048576"
    "memorysetup-job-temp-allocator-reduction-small-platforms=262144"
    "memorysetup-temp-allocator-size-background-worker=32768"
    "memorysetup-temp-allocator-size-job-worker=262144"
    "memorysetup-temp-allocator-size-preload-manager=33554432"
    "memorysetup-temp-allocator-size-nav-mesh-worker=65536"
    "memorysetup-temp-allocator-size-audio-worker=65536"
    "memorysetup-temp-allocator-size-cloud-worker=32768"
    "memorysetup-temp-allocator-size-gi-baking-worker=262144"
    "memorysetup-temp-allocator-size-gfx=262144"
Player connection [8300] Host "[IP] 192.168.1.206 [Port] 0 [Flags] 2 [Guid] 1869609708 [EditorId] 1869609708 [Version] 1048832 [Id] WindowsEditor(7,Ananya-PC) [Debug] 1 [PackageName] WindowsEditor [ProjectName] Editor" joined multi-casting on [225.0.0.222:54997]...

Player connection [8300] Host "[IP] 192.168.1.206 [Port] 0 [Flags] 2 [Guid] 1869609708 [EditorId] 1869609708 [Version] 1048832 [Id] WindowsEditor(7,Ananya-PC) [Debug] 1 [PackageName] WindowsEditor [ProjectName] Editor" joined alternative multi-casting on [225.0.0.222:34997]...

Refreshing native plugins compatible for Editor in 179.76 ms, found 6 plugins.
Preloading 0 native plugins for Editor in 0.00 ms.
Initialize engine version: 2021.3.16f1 (4016570cf34f)
[Subsystems] Discovering subsystems at path C:/Program Files/Unity/Hub/Editor/2021.3.16f1/Editor/Data/Resources/UnitySubsystems
[Subsystems] Discovering subsystems at path C:/Users/anany/Desktop/UTD/2nd sem/Virtual Reality/Project/Verkea/Verkea/Assets
GfxDevice: creating device client; threaded=0; jobified=0
Direct3D:
    Version:  Direct3D 11.0 [level 11.1]
    Renderer: Intel(R) Iris(R) Xe Graphics (ID=0x9a49)
    Vendor:   Intel
    VRAM:     8053 MB
    Driver:   31.0.101.4502
Initialize mono
Mono path[0] = 'C:/Program Files/Unity/Hub/Editor/2021.3.16f1/Editor/Data/Managed'
Mono path[1] = 'C:/Program Files/Unity/Hub/Editor/2021.3.16f1/Editor/Data/MonoBleedingEdge/lib/mono/unityjit-win32'
Mono config path = 'C:/Program Files/Unity/Hub/Editor/2021.3.16f1/Editor/Data/MonoBleedingEdge/etc'
Using monoOptions --debugger-agent=transport=dt_socket,embedding=1,server=y,suspend=n,address=127.0.0.1:56016
Begin MonoManager ReloadAssembly
Registering precompiled unity dll's ...
Register platform support module: C:/Program Files/Unity/Hub/Editor/2021.3.16f1/Editor/Data/PlaybackEngines/AndroidPlayer/UnityEditor.Android.Extensions.dll
Register platform support module: C:/Program Files/Unity/Hub/Editor/2021.3.16f1/Editor/Data/PlaybackEngines/WindowsStandaloneSupport/UnityEditor.WindowsStandalone.Extensions.dll
Registered in 0.004209 seconds.
Native extension for WindowsStandalone target not found
Native extension for Android target not found
Refreshing native plugins compatible for Editor in 80.88 ms, found 6 plugins.
Preloading 0 native plugins for Editor in 0.00 ms.
Mono: successfully reloaded assembly
- Completed reload, in  0.584 seconds
Domain Reload Profiling:
	ReloadAssembly (584ms)
		BeginReloadAssembly (61ms)
			ExecutionOrderSort (0ms)
			DisableScriptedObjects (0ms)
			BackupInstance (0ms)
			ReleaseScriptingObjects (0ms)
			CreateAndSetChildDomain (1ms)
		EndReloadAssembly (405ms)
			LoadAssemblies (60ms)
			RebuildTransferFunctionScriptingTraits (0ms)
			SetupTypeCache (95ms)
			ReleaseScriptCaches (0ms)
			RebuildScriptCaches (25ms)
			SetupLoadedEditorAssemblies (240ms)
				LogAssemblyErrors (0ms)
				InitializePlatformSupportModulesInManaged (43ms)
				SetLoadedEditorAssemblies (0ms)
				RefreshPlugins (81ms)
				BeforeProcessingInitializeOnLoad (1ms)
				ProcessInitializeOnLoadAttributes (75ms)
				ProcessInitializeOnLoadMethodAttributes (40ms)
				AfterProcessingInitializeOnLoad (0ms)
				EditorAssembliesLoaded (0ms)
			ExecutionOrderSort2 (0ms)
			AwakeInstancesAfterBackupRestoration (0ms)
Platform modules already initialized, skipping
Registering precompiled user dll's ...
Registered in 0.005505 seconds.
Begin MonoManager ReloadAssembly
Native extension for WindowsStandalone target not found
Native extension for Android target not found
Refreshing native plugins compatible for Editor in 0.97 ms, found 6 plugins.
Preloading 0 native plugins for Editor in 0.00 ms.
Package Manager log level set to [2]
Mono: successfully reloaded assembly
- Completed reload, in  1.647 seconds
Domain Reload Profiling:
	ReloadAssembly (1648ms)
		BeginReloadAssembly (194ms)
			ExecutionOrderSort (0ms)
			DisableScriptedObjects (5ms)
			BackupInstance (0ms)
			ReleaseScriptingObjects (0ms)
			CreateAndSetChildDomain (132ms)
		EndReloadAssembly (1366ms)
			LoadAssemblies (63ms)
			RebuildTransferFunctionScriptingTraits (0ms)
			SetupTypeCache (220ms)
			ReleaseScriptCaches (1ms)
			RebuildScriptCaches (51ms)
			SetupLoadedEditorAssemblies (996ms)
				LogAssemblyErrors (0ms)
				InitializePlatformSupportModulesInManaged (11ms)
				SetLoadedEditorAssemblies (0ms)
				RefreshPlugins (1ms)
				BeforeProcessingInitializeOnLoad (97ms)
				ProcessInitializeOnLoadAttributes (864ms)
				ProcessInitializeOnLoadMethodAttributes (19ms)
				AfterProcessingInitializeOnLoad (3ms)
				EditorAssembliesLoaded (0ms)
			ExecutionOrderSort2 (0ms)
			AwakeInstancesAfterBackupRestoration (4ms)
Platform modules already initialized, skipping
========================================================================
Worker process is ready to serve import requests
Launched and connected shader compiler UnityShaderCompiler.exe after 0.03 seconds
Refreshing native plugins compatible for Editor in 0.92 ms, found 6 plugins.
Preloading 0 native plugins for Editor in 0.00 ms.
Unloading 4462 Unused Serialized files (Serialized files now loaded: 0)
Unloading 78 unused Assets / (114.6 KB). Loaded Objects now: 4879.
Memory consumption went from 161.3 MB to 161.2 MB.
Total: 3.889400 ms (FindLiveObjects: 0.306900 ms CreateObjectMapping: 0.208000 ms MarkObjects: 3.244700 ms  DeleteObjects: 0.128900 ms)

AssetImportParameters requested are different than current active one (requested -> active):
  custom:video-decoder-ogg-theora: a1e56fd34408186e4bbccfd4996cb3dc -> 
  custom:container-muxer-webm: aa71ff27fc2769a1b78a27578f13a17b -> 
  custom:container-demuxer-webm: 4f35f7cbe854078d1ac9338744f61a02 -> 
  custom:video-encoder-webm-vp8: eb34c28f22e8b96e1ab97ce403110664 -> 
  custom:video-codec-MediaFoundation-h265: 746d11721c4dcdbdad8f713fa42b33f4 -> 
  custom:audio-encoder-webm-vorbis: bf7c407c2cedff20999df2af8eb42d56 -> 
  custom:framework-win-MediaFoundation: 216162199b28c13a410421893ffa2e32 -> 
  custom:container-demuxer-ogg: 62fdf1f143b41e24485cea50d1cbac27 -> 
  custom:video-decoder-webm-vp8: 9c59270c3fd7afecdb556c50c9e8de78 -> 
  custom:audio-decoder-ogg-vorbis: bf7c407c2cedff20999df2af8eb42d56 -> 
========================================================================
Received Import Request.
  Time since last request: 344628.331842 seconds.
  path: Assets/Furnitures/Furniture/Source/Materials/HousePlant_1_1.mat
  artifactKey: Guid(2e13f1229956e2542a798565bbaf32be) Importer(815301076,1909f56bfc062723c751e8b465ee728b)
Start importing Assets/Furnitures/Furniture/Source/Materials/HousePlant_1_1.mat using Guid(2e13f1229956e2542a798565bbaf32be) Importer(815301076,1909f56bfc062723c751e8b465ee728b)  -> (artifact id: 'aa86193cca3b3628795e46319babffdf') in 0.157245 seconds 
========================================================================
Received Import Request.
  Time since last request: 0.165559 seconds.
  path: Assets/Furnitures/Furniture/Source/Materials/Sink_1.mat
  artifactKey: Guid(fb95a00c7ea2ea749aab701495f4639a) Importer(815301076,1909f56bfc062723c751e8b465ee728b)
Start importing Assets/Furnitures/Furniture/Source/Materials/Sink_1.mat using Guid(fb95a00c7ea2ea749aab701495f4639a) Importer(815301076,1909f56bfc062723c751e8b465ee728b)  -> (artifact id: 'a0e8b491ecd88cec836438c749a38802') in 0.017035 seconds 
========================================================================
Received Import Request.
  Time since last request: 0.000028 seconds.
  path: Assets/Furnitures/Furniture/Source/Materials/Toilet_1.mat
  artifactKey: Guid(8fb60badbaa4ae649a56f12d58386b1a) Importer(815301076,1909f56bfc062723c751e8b465ee728b)
Start importing Assets/Furnitures/Furniture/Source/Materials/Toilet_1.mat using Guid(8fb60badbaa4ae649a56f12d58386b1a) Importer(815301076,1909f56bfc062723c751e8b465ee728b)  -> (artifact id: 'c57d95ff8af926adaedaf9041e6bfa53') in 0.037752 seconds 
========================================================================
Received Import Request.
  Time since last request: 0.000044 seconds.
  path: Assets/Furnitures/Furniture/Source/Materials/Vase_2.mat
  artifactKey: Guid(48789c7005e3790408daf876242fb920) Importer(815301076,1909f56bfc062723c751e8b465ee728b)
Start importing Assets/Furnitures/Furniture/Source/Materials/Vase_2.mat using Guid(48789c7005e3790408daf876242fb920) Importer(815301076,1909f56bfc062723c751e8b465ee728b)  -> (artifact id: 'a5222fc79c861d9ed2a08a091ad0de7e') in 0.020242 seconds 
========================================================================
Received Import Request.
  Time since last request: 6.852784 seconds.
  path: Assets/Furnitures/Toon Furniture/Models/Chair_2.fbx
  artifactKey: Guid(0c18f0ffd4318a149bd680cdf60d0e48) Importer(815301076,1909f56bfc062723c751e8b465ee728b)
Start importing Assets/Furnitures/Toon Furniture/Models/Chair_2.fbx using Guid(0c18f0ffd4318a149bd680cdf60d0e48) Importer(815301076,1909f56bfc062723c751e8b465ee728b)  -> (artifact id: '0d76d0197ba032d9db0111facfcdd579') in 0.088440 seconds 
========================================================================
Received Import Request.
  Time since last request: 0.000023 seconds.
  path: Assets/Furnitures/Toon Furniture/Models/Counter_1.fbx
  artifactKey: Guid(aaeedb2a45100ea4091935025fdd110d) Importer(815301076,1909f56bfc062723c751e8b465ee728b)
Start importing Assets/Furnitures/Toon Furniture/Models/Counter_1.fbx using Guid(aaeedb2a45100ea4091935025fdd110d) Importer(815301076,1909f56bfc062723c751e8b465ee728b)  -> (artifact id: '7dabc76439003a113dd1c774c0ad3f80') in 0.050907 seconds 
========================================================================
Received Import Request.
  Time since last request: 0.000022 seconds.
  path: Assets/Furnitures/Toon Furniture/Models/Cooker_1.fbx
  artifactKey: Guid(94cd5fa7d84e65045b1ab6e8fc78c044) Importer(815301076,1909f56bfc062723c751e8b465ee728b)
Start importing Assets/Furnitures/Toon Furniture/Models/Cooker_1.fbx using Guid(94cd5fa7d84e65045b1ab6e8fc78c044) Importer(815301076,1909f56bfc062723c751e8b465ee728b)  -> (artifact id: '2b5717c2b3530760481bfb2e035f93fe') in 0.051744 seconds 
========================================================================
Received Import Request.
  Time since last request: 0.000027 seconds.
  path: Assets/Furnitures/Toon Furniture/Models/Chair_7.fbx
  artifactKey: Guid(e26192968d537f143a47e72dfefb548f) Importer(815301076,1909f56bfc062723c751e8b465ee728b)
Start importing Assets/Furnitures/Toon Furniture/Models/Chair_7.fbx using Guid(e26192968d537f143a47e72dfefb548f) Importer(815301076,1909f56bfc062723c751e8b465ee728b)  -> (artifact id: '99dfdecdae0755ff8793c192a0a9a494') in 0.046499 seconds 
========================================================================
Received Import Request.
  Time since last request: 0.000075 seconds.
  path: Assets/Furnitures/Toon Furniture/Models/Counter_4.fbx
  artifactKey: Guid(72616aa566640fa4498901aa2e09543e) Importer(815301076,1909f56bfc062723c751e8b465ee728b)
Start importing Assets/Furnitures/Toon Furniture/Models/Counter_4.fbx using Guid(72616aa566640fa4498901aa2e09543e) Importer(815301076,1909f56bfc062723c751e8b465ee728b)  -> (artifact id: '21cd8e7673a20abe37c7068c49dff1b2') in 0.182833 seconds 
========================================================================
Received Import Request.
  Time since last request: 4.818649 seconds.
  path: Assets/Furnitures/Toon Furniture/Models/Queen_Bed_1.fbx
  artifactKey: Guid(46ee326d6f660104da37854bc4722d97) Importer(815301076,1909f56bfc062723c751e8b465ee728b)
Start importing Assets/Furnitures/Toon Furniture/Models/Queen_Bed_1.fbx using Guid(46ee326d6f660104da37854bc4722d97) Importer(815301076,1909f56bfc062723c751e8b465ee728b)  -> (artifact id: 'd80e0dd89225c52b55dac3afc633cf11') in 0.164582 seconds 
========================================================================
Received Import Request.
  Time since last request: 0.000051 seconds.
  path: Assets/Furnitures/Toon Furniture/Models/Queen_Bed_2.fbx
  artifactKey: Guid(db90ebe75a417854aaaf8a09147e7676) Importer(815301076,1909f56bfc062723c751e8b465ee728b)
Start importing Assets/Furnitures/Toon Furniture/Models/Queen_Bed_2.fbx using Guid(db90ebe75a417854aaaf8a09147e7676) Importer(815301076,1909f56bfc062723c751e8b465ee728b)  -> (artifact id: '1b02538c6118c4df701b969bc494dbf2') in 0.125880 seconds 
========================================================================
Received Import Request.
  Time since last request: 0.000043 seconds.
  path: Assets/Furnitures/Toon Furniture/Models/Table_1.fbx
  artifactKey: Guid(6def73f8311645b47a2d3ae4d6afb91f) Importer(815301076,1909f56bfc062723c751e8b465ee728b)
Start importing Assets/Furnitures/Toon Furniture/Models/Table_1.fbx using Guid(6def73f8311645b47a2d3ae4d6afb91f) Importer(815301076,1909f56bfc062723c751e8b465ee728b)  -> (artifact id: '44e7081f06d01d949a36bef073c7261e') in 0.053218 seconds 
========================================================================
Received Import Request.
  Time since last request: 6.321365 seconds.
  path: Assets/Furnitures/Toon Furniture/Models/Materials/Material.002.mat
  artifactKey: Guid(911ba99758764644581ba8f2bdb232eb) Importer(815301076,1909f56bfc062723c751e8b465ee728b)
Start importing Assets/Furnitures/Toon Furniture/Models/Materials/Material.002.mat using Guid(911ba99758764644581ba8f2bdb232eb) Importer(815301076,1909f56bfc062723c751e8b465ee728b)  -> (artifact id: 'b00224a33b330ffc16a22e9209c2c122') in 0.017754 seconds 
========================================================================
Received Import Request.
  Time since last request: 0.000022 seconds.
  path: Assets/Furnitures/Toon Furniture/Models/Materials/Material.mat
  artifactKey: Guid(392f5b988592ac24eb5604edb497f704) Importer(815301076,1909f56bfc062723c751e8b465ee728b)
Start importing Assets/Furnitures/Toon Furniture/Models/Materials/Material.mat using Guid(392f5b988592ac24eb5604edb497f704) Importer(815301076,1909f56bfc062723c751e8b465ee728b)  -> (artifact id: '55ea6d6d19048adb21f02f6d77660f82') in 0.018211 seconds 
========================================================================
Received Import Request.
  Time since last request: 0.000045 seconds.
  path: Assets/Furnitures/Toon Furniture/Models/Materials/No Name.mat
  artifactKey: Guid(9540256b7c9a2ed489b1a8590ddbc023) Importer(815301076,1909f56bfc062723c751e8b465ee728b)
Start importing Assets/Furnitures/Toon Furniture/Models/Materials/No Name.mat using Guid(9540256b7c9a2ed489b1a8590ddbc023) Importer(815301076,1909f56bfc062723c751e8b465ee728b)  -> (artifact id: '86fde3dcf0d244ca2d98c671a08f01bd') in 0.021931 seconds 
========================================================================
Received Import Request.
  Time since last request: 17.076232 seconds.
  path: Assets/Furnitures/Toon Furniture/Models/Chair_5.fbx
  artifactKey: Guid(57715435b4fec704fa35cec6763c28c3) Importer(815301076,1909f56bfc062723c751e8b465ee728b)
Start importing Assets/Furnitures/Toon Furniture/Models/Chair_5.fbx using Guid(57715435b4fec704fa35cec6763c28c3) Importer(815301076,1909f56bfc062723c751e8b465ee728b)  -> (artifact id: '0ec903e3ab9c7dd4b8391c1fe75f931e') in 0.028171 seconds 
========================================================================
Received Import Request.
  Time since last request: 0.000034 seconds.
  path: Assets/Furnitures/Toon Furniture/Models/Decoration_Books_1_1.fbx
  artifactKey: Guid(e287253ea90ccd04fb310bdbe13c1550) Importer(815301076,1909f56bfc062723c751e8b465ee728b)
Start importing Assets/Furnitures/Toon Furniture/Models/Decoration_Books_1_1.fbx using Guid(e287253ea90ccd04fb310bdbe13c1550) Importer(815301076,1909f56bfc062723c751e8b465ee728b)  -> (artifact id: '3d570c6b0bd38e866326f576e60099b6') in 0.050652 seconds 
========================================================================
Received Import Request.
  Time since last request: 0.000020 seconds.
  path: Assets/Furnitures/Toon Furniture/Models/Cooker_1.fbx
  artifactKey: Guid(94cd5fa7d84e65045b1ab6e8fc78c044) Importer(815301076,1909f56bfc062723c751e8b465ee728b)
Start importing Assets/Furnitures/Toon Furniture/Models/Cooker_1.fbx using Guid(94cd5fa7d84e65045b1ab6e8fc78c044) Importer(815301076,1909f56bfc062723c751e8b465ee728b)  -> (artifact id: '1090a074857f9dc2fb43d975b3603afb') in 0.049669 seconds 
========================================================================
Received Import Request.
  Time since last request: 0.000029 seconds.
  path: Assets/Furnitures/Toon Furniture/Models/Chair_9.fbx
  artifactKey: Guid(7eb169ca98be6744db6423d236b0e90b) Importer(815301076,1909f56bfc062723c751e8b465ee728b)
Start importing Assets/Furnitures/Toon Furniture/Models/Chair_9.fbx using Guid(7eb169ca98be6744db6423d236b0e90b) Importer(815301076,1909f56bfc062723c751e8b465ee728b)  -> (artifact id: '97a8895f0994391a3243651bef5a0e9a') in 0.045500 seconds 
========================================================================
Received Import Request.
  Time since last request: 23.972137 seconds.
  path: Assets/Furnitures/Toon Furniture/Textures/BooksCase_2_Normal.png
  artifactKey: Guid(3886a21cc6a1ce0498a3598da0836288) Importer(815301076,1909f56bfc062723c751e8b465ee728b)
Start importing Assets/Furnitures/Toon Furniture/Textures/BooksCase_2_Normal.png using Guid(3886a21cc6a1ce0498a3598da0836288) Importer(815301076,1909f56bfc062723c751e8b465ee728b)  -> (artifact id: '01ff561eb145d726ab89c08ab35def54') in 0.059959 seconds 
========================================================================
Received Import Request.
  Time since last request: 0.000034 seconds.
  path: Assets/Furnitures/Toon Furniture/Textures/Chair_4_2.png
  artifactKey: Guid(5946c4f2287173c42844d800f2243055) Importer(815301076,1909f56bfc062723c751e8b465ee728b)
Start importing Assets/Furnitures/Toon Furniture/Textures/Chair_4_2.png using Guid(5946c4f2287173c42844d800f2243055) Importer(815301076,1909f56bfc062723c751e8b465ee728b)  -> (artifact id: '1540696dc9387b873241d998f8d8e0c0') in 0.031634 seconds 
========================================================================
Received Import Request.
  Time since last request: 0.000032 seconds.
  path: Assets/Furnitures/Toon Furniture/Textures/Chair_5_2.png
  artifactKey: Guid(bcc5aae5ce8d2d547b6be09ec9961870) Importer(815301076,1909f56bfc062723c751e8b465ee728b)
Start importing Assets/Furnitures/Toon Furniture/Textures/Chair_5_2.png using Guid(bcc5aae5ce8d2d547b6be09ec9961870) Importer(815301076,1909f56bfc062723c751e8b465ee728b)  -> (artifact id: '5a8b13d37626017a23d91731f58d1fbd') in 0.038242 seconds 
========================================================================
Received Import Request.
  Time since last request: 0.000034 seconds.
  path: Assets/Furnitures/Toon Furniture/Textures/Chair_3_Normal.png
  artifactKey: Guid(3617f5a3096877442af880976b049135) Importer(815301076,1909f56bfc062723c751e8b465ee728b)
Start importing Assets/Furnitures/Toon Furniture/Textures/Chair_3_Normal.png using Guid(3617f5a3096877442af880976b049135) Importer(815301076,1909f56bfc062723c751e8b465ee728b)  -> (artifact id: 'a69c2ff4042b81e4f8af5d44aafcdfb4') in 0.034310 seconds 
========================================================================
Received Import Request.
  Time since last request: 0.000055 seconds.
  path: Assets/Furnitures/Toon Furniture/Textures/Chair_2_Normal.png
  artifactKey: Guid(bdab0ac3b01374f4886b80a806dfee50) Importer(815301076,1909f56bfc062723c751e8b465ee728b)
Start importing Assets/Furnitures/Toon Furniture/Textures/Chair_2_Normal.png using Guid(bdab0ac3b01374f4886b80a806dfee50) Importer(815301076,1909f56bfc062723c751e8b465ee728b)  -> (artifact id: 'ca38b2be8f4eecc453b8aaad62befdd3') in 0.030819 seconds 
========================================================================
Received Import Request.
  Time since last request: 0.000050 seconds.
  path: Assets/Furnitures/Toon Furniture/Textures/Chair_4_3.png
  artifactKey: Guid(1e17ec159d44bf34ba94c11b0edb5bb4) Importer(815301076,1909f56bfc062723c751e8b465ee728b)
Start importing Assets/Furnitures/Toon Furniture/Textures/Chair_4_3.png using Guid(1e17ec159d44bf34ba94c11b0edb5bb4) Importer(815301076,1909f56bfc062723c751e8b465ee728b)  -> (artifact id: 'aaf884abbdf4f30a8ab2ff5b2aaec36c') in 0.037775 seconds 
========================================================================
Received Import Request.
  Time since last request: 0.000031 seconds.
  path: Assets/Furnitures/Toon Furniture/Textures/Chair_4_Normal.png
  artifactKey: Guid(3b5c3261acb8824448e6e04286ab9d6c) Importer(815301076,1909f56bfc062723c751e8b465ee728b)
Start importing Assets/Furnitures/Toon Furniture/Textures/Chair_4_Normal.png using Guid(3b5c3261acb8824448e6e04286ab9d6c) Importer(815301076,1909f56bfc062723c751e8b465ee728b)  -> (artifact id: 'da3963667be19b3d2bcdf7a9c8ad7fe4') in 0.030722 seconds 
========================================================================
Received Import Request.
  Time since last request: 34.131198 seconds.
  path: Assets/Furnitures/Resources/prefabs/Books_1_1 1.prefab
  artifactKey: Guid(2751dc5eda1fb0244b8c21d5e809cf34) Importer(815301076,1909f56bfc062723c751e8b465ee728b)
Start importing Assets/Furnitures/Resources/prefabs/Books_1_1 1.prefab using Guid(2751dc5eda1fb0244b8c21d5e809cf34) Importer(815301076,1909f56bfc062723c751e8b465ee728b)  -> (artifact id: '5a761d78cff49f301709ffb6d1b77822') in 0.056014 seconds 
========================================================================
Received Import Request.
  Time since last request: 0.000029 seconds.
  path: Assets/Furnitures/Resources/prefabs/Books_1_3 1.prefab
  artifactKey: Guid(1a27df5e1c26d5e44a9d3a8806918347) Importer(815301076,1909f56bfc062723c751e8b465ee728b)
Start importing Assets/Furnitures/Resources/prefabs/Books_1_3 1.prefab using Guid(1a27df5e1c26d5e44a9d3a8806918347) Importer(815301076,1909f56bfc062723c751e8b465ee728b)  -> (artifact id: '02e2c5e854bcb1fd733cb88ebf9fdd37') in 0.034614 seconds 
========================================================================
Received Import Request.
  Time since last request: 0.000032 seconds.
  path: Assets/Furnitures/Resources/prefabs/Books_1_4 1.prefab
  artifactKey: Guid(df5b113e6986dbd44996e4e815199c9a) Importer(815301076,1909f56bfc062723c751e8b465ee728b)
Start importing Assets/Furnitures/Resources/prefabs/Books_1_4 1.prefab using Guid(df5b113e6986dbd44996e4e815199c9a) Importer(815301076,1909f56bfc062723c751e8b465ee728b)  -> (artifact id: '757cc4909c10aa0fcaa89487f720fa85') in 0.031571 seconds 
========================================================================
Received Import Request.
  Time since last request: 1.314892 seconds.
  path: Assets/Furnitures/Resources/prefabs/Chair_5 1.prefab
  artifactKey: Guid(41613760dcf78df4fa1b5a86ec31675e) Importer(815301076,1909f56bfc062723c751e8b465ee728b)
Start importing Assets/Furnitures/Resources/prefabs/Chair_5 1.prefab using Guid(41613760dcf78df4fa1b5a86ec31675e) Importer(815301076,1909f56bfc062723c751e8b465ee728b)  -> (artifact id: '5857cd108a016b47d2aa1e79f0f3bda3') in 0.035173 seconds 
========================================================================
Received Import Request.
  Time since last request: 0.000033 seconds.
  path: Assets/Furnitures/Resources/prefabs/Chair_8 1.prefab
  artifactKey: Guid(9db4dd7148b42f44c8374f905381d96f) Importer(815301076,1909f56bfc062723c751e8b465ee728b)
Start importing Assets/Furnitures/Resources/prefabs/Chair_8 1.prefab using Guid(9db4dd7148b42f44c8374f905381d96f) Importer(815301076,1909f56bfc062723c751e8b465ee728b)  -> (artifact id: 'c4681ac0e86b8b3e1106976c4de2ff73') in 0.038724 seconds 
========================================================================
Received Import Request.
  Time since last request: 0.003840 seconds.
  path: Assets/Furnitures/Resources/prefabs/CoffeTable_1 1.prefab
  artifactKey: Guid(a7af7c386c8ee004caf37cd1d71d8c64) Importer(815301076,1909f56bfc062723c751e8b465ee728b)
Start importing Assets/Furnitures/Resources/prefabs/CoffeTable_1 1.prefab using Guid(a7af7c386c8ee004caf37cd1d71d8c64) Importer(815301076,1909f56bfc062723c751e8b465ee728b)  -> (artifact id: '6d06da431e78cad2a27d5bbd98a836f1') in 0.040280 seconds 
========================================================================
Received Import Request.
  Time since last request: 27.326858 seconds.
  path: Assets/Furnitures/Furniture/Prefabs/3Seat3 1.prefab
  artifactKey: Guid(69e94069d8dad6b46a39078e1d289d18) Importer(815301076,1909f56bfc062723c751e8b465ee728b)
Start importing Assets/Furnitures/Furniture/Prefabs/3Seat3 1.prefab using Guid(69e94069d8dad6b46a39078e1d289d18) Importer(815301076,1909f56bfc062723c751e8b465ee728b)  -> (artifact id: '4afee38b69b653db52b9e27ff326f4f2') in 0.062720 seconds 
========================================================================
Received Import Request.
  Time since last request: 0.000026 seconds.
  path: Assets/Furnitures/Furniture/Prefabs/bed_001 1.prefab
  artifactKey: Guid(a60618adc2bf9364ba602d5ba79820fc) Importer(815301076,1909f56bfc062723c751e8b465ee728b)
Start importing Assets/Furnitures/Furniture/Prefabs/bed_001 1.prefab using Guid(a60618adc2bf9364ba602d5ba79820fc) Importer(815301076,1909f56bfc062723c751e8b465ee728b)  -> (artifact id: '827725b3b6316cff511bc5cc1b451555') in 0.053873 seconds 
========================================================================
Received Import Request.
  Time since last request: 0.000031 seconds.
  path: Assets/Furnitures/Furniture/Prefabs/bathroom_item_001 1.prefab
  artifactKey: Guid(e3911be7b5e0e1040b5e1013311a9423) Importer(815301076,1909f56bfc062723c751e8b465ee728b)
Start importing Assets/Furnitures/Furniture/Prefabs/bathroom_item_001 1.prefab using Guid(e3911be7b5e0e1040b5e1013311a9423) Importer(815301076,1909f56bfc062723c751e8b465ee728b)  -> (artifact id: '04a24012eefe5343fb1e14221b36365b') in 0.024211 seconds 
========================================================================
Received Import Request.
  Time since last request: 9.385823 seconds.
  path: Assets/Furnitures/Furniture/Prefabs/chair 1.prefab
  artifactKey: Guid(611c37c97216e1843a99fec046e26c54) Importer(815301076,1909f56bfc062723c751e8b465ee728b)
Start importing Assets/Furnitures/Furniture/Prefabs/chair 1.prefab using Guid(611c37c97216e1843a99fec046e26c54) Importer(815301076,1909f56bfc062723c751e8b465ee728b)  -> (artifact id: 'd3b4432c10d9987c4d2b5e5119b28c8e') in 0.055120 seconds 
========================================================================
Received Import Request.
  Time since last request: 74.949403 seconds.
  path: Assets/Furnitures/Furniture/Source/Textures/Chair_6_Normal.png
  artifactKey: Guid(bd704af4293b519408cb7ba22839664b) Importer(815301076,1909f56bfc062723c751e8b465ee728b)
Start importing Assets/Furnitures/Furniture/Source/Textures/Chair_6_Normal.png using Guid(bd704af4293b519408cb7ba22839664b) Importer(815301076,1909f56bfc062723c751e8b465ee728b)  -> (artifact id: '15df8c6241cea0ddca428cfb4d23d8ad') in 0.037758 seconds 
========================================================================
Received Import Request.
  Time since last request: 0.005576 seconds.
  path: Assets/Furnitures/Furniture/Source/Textures/Chair_7_3.png
  artifactKey: Guid(d7fdab8b4c1cbe749afb0499a74c36a3) Importer(815301076,1909f56bfc062723c751e8b465ee728b)
Start importing Assets/Furnitures/Furniture/Source/Textures/Chair_7_3.png using Guid(d7fdab8b4c1cbe749afb0499a74c36a3) Importer(815301076,1909f56bfc062723c751e8b465ee728b)  -> (artifact id: '6c5cdb73b119c4cd3e0f30c3f0d55cc9') in 0.074019 seconds 
========================================================================
Received Import Request.
  Time since last request: 0.000027 seconds.
  path: Assets/Furnitures/Furniture/Source/Textures/Chair_8_Normal.png
  artifactKey: Guid(03dea9d8582d9b746986e76be4161669) Importer(815301076,1909f56bfc062723c751e8b465ee728b)
Start importing Assets/Furnitures/Furniture/Source/Textures/Chair_8_Normal.png using Guid(03dea9d8582d9b746986e76be4161669) Importer(815301076,1909f56bfc062723c751e8b465ee728b)  -> (artifact id: '94c90d22cca69e785e677211abb1b052') in 0.046951 seconds 
========================================================================
Received Import Request.
  Time since last request: 0.000037 seconds.
  path: Assets/Furnitures/Furniture/Source/Textures/Chair_7_2.png
  artifactKey: Guid(258a92efc769bf94887a4bd43a9c9fa9) Importer(815301076,1909f56bfc062723c751e8b465ee728b)
Start importing Assets/Furnitures/Furniture/Source/Textures/Chair_7_2.png using Guid(258a92efc769bf94887a4bd43a9c9fa9) Importer(815301076,1909f56bfc062723c751e8b465ee728b)  -> (artifact id: '4733714b5f4483fcb5b29ba2ceb379d4') in 0.043900 seconds 
========================================================================
Received Import Request.
  Time since last request: 0.095941 seconds.
  path: Assets/Furnitures/Furniture/Source/Textures/Cooker_1.png
  artifactKey: Guid(672cacabb07f2a444adf2aab7168e0b1) Importer(815301076,1909f56bfc062723c751e8b465ee728b)
Start importing Assets/Furnitures/Furniture/Source/Textures/Cooker_1.png using Guid(672cacabb07f2a444adf2aab7168e0b1) Importer(815301076,1909f56bfc062723c751e8b465ee728b)  -> (artifact id: '53eff0e6b292c2124e3318be890e1f17') in 0.057454 seconds 
========================================================================
Received Import Request.
  Time since last request: 0.000039 seconds.
  path: Assets/Furnitures/Furniture/Source/Textures/Couch_1_Detail.png
  artifactKey: Guid(594f267fad4133048ac38c43d5207d6d) Importer(815301076,1909f56bfc062723c751e8b465ee728b)
Start importing Assets/Furnitures/Furniture/Source/Textures/Couch_1_Detail.png using Guid(594f267fad4133048ac38c43d5207d6d) Importer(815301076,1909f56bfc062723c751e8b465ee728b)  -> (artifact id: '2cf2e3a3740bc306182b7598705a71da') in 0.030695 seconds 
========================================================================
Received Import Request.
  Time since last request: 0.000040 seconds.
  path: Assets/Furnitures/Furniture/Source/Textures/Couch_1.png
  artifactKey: Guid(ccc90ad610e0470478463826da9771d1) Importer(815301076,1909f56bfc062723c751e8b465ee728b)
Start importing Assets/Furnitures/Furniture/Source/Textures/Couch_1.png using Guid(ccc90ad610e0470478463826da9771d1) Importer(815301076,1909f56bfc062723c751e8b465ee728b)  -> (artifact id: '52a97eee1b8673270b6c6012e7566e34') in 0.037487 seconds 
========================================================================
Received Import Request.
  Time since last request: 0.000059 seconds.
  path: Assets/Furnitures/Furniture/Source/Textures/Cooker_1_Normal.png
  artifactKey: Guid(3e764e674be7b7a47bb617a43c815e31) Importer(815301076,1909f56bfc062723c751e8b465ee728b)
Start importing Assets/Furnitures/Furniture/Source/Textures/Cooker_1_Normal.png using Guid(3e764e674be7b7a47bb617a43c815e31) Importer(815301076,1909f56bfc062723c751e8b465ee728b)  -> (artifact id: '5cabc098f379e7768cded2c81b28016c') in 0.030446 seconds 
========================================================================
Received Import Request.
  Time since last request: 0.000029 seconds.
  path: Assets/Furnitures/Furniture/Source/Textures/Couch_1_3.png
  artifactKey: Guid(245ddcdc8afbba14683421a8d10d993a) Importer(815301076,1909f56bfc062723c751e8b465ee728b)
Start importing Assets/Furnitures/Furniture/Source/Textures/Couch_1_3.png using Guid(245ddcdc8afbba14683421a8d10d993a) Importer(815301076,1909f56bfc062723c751e8b465ee728b)  -> (artifact id: '00a1a8d5a157d5ec8ed64a802550c340') in 0.034835 seconds 
========================================================================
Received Import Request.
  Time since last request: 0.130556 seconds.
  path: Assets/Furnitures/Furniture/Source/Textures/Couch_3_1.png
  artifactKey: Guid(6fec62ffb3891d245941e97c3bf75487) Importer(815301076,1909f56bfc062723c751e8b465ee728b)
Start importing Assets/Furnitures/Furniture/Source/Textures/Couch_3_1.png using Guid(6fec62ffb3891d245941e97c3bf75487) Importer(815301076,1909f56bfc062723c751e8b465ee728b)  -> (artifact id: 'a85a99a299a803ea8608fda40ad412f4') in 0.065158 seconds 
========================================================================
Received Import Request.
  Time since last request: 0.000021 seconds.
  path: Assets/Furnitures/Furniture/Source/Textures/Door_1.png
  artifactKey: Guid(5da9784f75b607649b4f41ce7a6a0f62) Importer(815301076,1909f56bfc062723c751e8b465ee728b)
Start importing Assets/Furnitures/Furniture/Source/Textures/Door_1.png using Guid(5da9784f75b607649b4f41ce7a6a0f62) Importer(815301076,1909f56bfc062723c751e8b465ee728b)  -> (artifact id: 'd76e877b254ae2592289f35da04f04bb') in 0.035942 seconds 
========================================================================
Received Import Request.
  Time since last request: 0.000025 seconds.
  path: Assets/Furnitures/Furniture/Source/Textures/Couch_3_Normal.png
  artifactKey: Guid(95686fbc735a6c748b4bfdcf0b6edcdd) Importer(815301076,1909f56bfc062723c751e8b465ee728b)
Start importing Assets/Furnitures/Furniture/Source/Textures/Couch_3_Normal.png using Guid(95686fbc735a6c748b4bfdcf0b6edcdd) Importer(815301076,1909f56bfc062723c751e8b465ee728b)  -> (artifact id: '37e935a5f5d265d6b3c03792d6c55c2e') in 0.030825 seconds 
========================================================================
Received Import Request.
  Time since last request: 0.000027 seconds.
  path: Assets/Furnitures/Furniture/Source/Textures/Counter_2_1_Normal.png
  artifactKey: Guid(2e21a8f3dff7e93408f72ddc845e79b6) Importer(815301076,1909f56bfc062723c751e8b465ee728b)
Start importing Assets/Furnitures/Furniture/Source/Textures/Counter_2_1_Normal.png using Guid(2e21a8f3dff7e93408f72ddc845e79b6) Importer(815301076,1909f56bfc062723c751e8b465ee728b)  -> (artifact id: 'a2a87ec5bbde0f434ab2c0ccd1a0cf8f') in 0.024725 seconds 
========================================================================
Received Import Request.
  Time since last request: 0.000036 seconds.
  path: Assets/Furnitures/Furniture/Source/Textures/Counter_2_1.png
  artifactKey: Guid(8324286f5b19c3040aa731a58a0b3f62) Importer(815301076,1909f56bfc062723c751e8b465ee728b)
Start importing Assets/Furnitures/Furniture/Source/Textures/Counter_2_1.png using Guid(8324286f5b19c3040aa731a58a0b3f62) Importer(815301076,1909f56bfc062723c751e8b465ee728b)  -> (artifact id: '2483b6878566db727c85c03e06e0e39a') in 0.023769 seconds 
========================================================================
Received Import Request.
  Time since last request: 0.000038 seconds.
  path: Assets/Furnitures/Furniture/Source/Textures/Counter_4_Normal.png
  artifactKey: Guid(0448bb71767598c4b844f69fa4e4e8d3) Importer(815301076,1909f56bfc062723c751e8b465ee728b)
Start importing Assets/Furnitures/Furniture/Source/Textures/Counter_4_Normal.png using Guid(0448bb71767598c4b844f69fa4e4e8d3) Importer(815301076,1909f56bfc062723c751e8b465ee728b)  -> (artifact id: '5b1c1d87d94fd336caf7ad98f8be00d2') in 0.021937 seconds 
========================================================================
Received Import Request.
  Time since last request: 0.000028 seconds.
  path: Assets/Furnitures/Furniture/Source/Textures/Counter_1.png
  artifactKey: Guid(8eb99a256ecb2c046bbbdd2719366bed) Importer(815301076,1909f56bfc062723c751e8b465ee728b)
Start importing Assets/Furnitures/Furniture/Source/Textures/Counter_1.png using Guid(8eb99a256ecb2c046bbbdd2719366bed) Importer(815301076,1909f56bfc062723c751e8b465ee728b)  -> (artifact id: '551f91008e83b7bd7d798ff780c4a8e1') in 0.032738 seconds 
========================================================================
Received Import Request.
  Time since last request: 0.000028 seconds.
  path: Assets/Furnitures/Furniture/Source/Textures/Couch_3_4.png
  artifactKey: Guid(46b97c7827b622148a4039d6bb3dba9a) Importer(815301076,1909f56bfc062723c751e8b465ee728b)
Start importing Assets/Furnitures/Furniture/Source/Textures/Couch_3_4.png using Guid(46b97c7827b622148a4039d6bb3dba9a) Importer(815301076,1909f56bfc062723c751e8b465ee728b)  -> (artifact id: 'b14084e97cbc963f40ee00fb4148375e') in 0.022792 seconds 
========================================================================
Received Import Request.
  Time since last request: 0.000033 seconds.
  path: Assets/Furnitures/Furniture/Source/Textures/House_Plant_1_1.png
  artifactKey: Guid(7d8de14ac1a351348b30fd6b0630e028) Importer(815301076,1909f56bfc062723c751e8b465ee728b)
Start importing Assets/Furnitures/Furniture/Source/Textures/House_Plant_1_1.png using Guid(7d8de14ac1a351348b30fd6b0630e028) Importer(815301076,1909f56bfc062723c751e8b465ee728b)  -> (artifact id: 'dec449fbeca032102be36ad1357e1775') in 0.034969 seconds 
========================================================================
Received Import Request.
  Time since last request: 0.000057 seconds.
  path: Assets/Furnitures/Furniture/Source/Textures/Queen_Bed_1_Specular.png
  artifactKey: Guid(1d6de5638c6f87b49999e97d5248143e) Importer(815301076,1909f56bfc062723c751e8b465ee728b)
Start importing Assets/Furnitures/Furniture/Source/Textures/Queen_Bed_1_Specular.png using Guid(1d6de5638c6f87b49999e97d5248143e) Importer(815301076,1909f56bfc062723c751e8b465ee728b)  -> (artifact id: '6191e0583c414c0f01c74c340e44c971') in 0.042630 seconds 
========================================================================
Received Import Request.
  Time since last request: 0.000042 seconds.
  path: Assets/Furnitures/Furniture/Source/Textures/Queen_Bed_2_2.png
  artifactKey: Guid(7f797639df09b4d48818ec83b5f10fa8) Importer(815301076,1909f56bfc062723c751e8b465ee728b)
Start importing Assets/Furnitures/Furniture/Source/Textures/Queen_Bed_2_2.png using Guid(7f797639df09b4d48818ec83b5f10fa8) Importer(815301076,1909f56bfc062723c751e8b465ee728b)  -> (artifact id: 'f067b5ec6e7ec3cb28f51affe8236dd9') in 0.030132 seconds 
========================================================================
Received Import Request.
  Time since last request: 0.000039 seconds.
  path: Assets/Furnitures/Furniture/Source/Textures/Queen_Bed_2_1.png
  artifactKey: Guid(186c67fd522ac3d43be5fc631ab556d7) Importer(815301076,1909f56bfc062723c751e8b465ee728b)
Start importing Assets/Furnitures/Furniture/Source/Textures/Queen_Bed_2_1.png using Guid(186c67fd522ac3d43be5fc631ab556d7) Importer(815301076,1909f56bfc062723c751e8b465ee728b)  -> (artifact id: '39df3f7bc75c5959fcd8cc9188d1a6b0') in 0.024583 seconds 
========================================================================
Received Import Request.
  Time since last request: 0.000049 seconds.
  path: Assets/Furnitures/Furniture/Source/Textures/Pillows_1_1.png
  artifactKey: Guid(d6bc1032050d2564d84b5fb22057d59f) Importer(815301076,1909f56bfc062723c751e8b465ee728b)
Start importing Assets/Furnitures/Furniture/Source/Textures/Pillows_1_1.png using Guid(d6bc1032050d2564d84b5fb22057d59f) Importer(815301076,1909f56bfc062723c751e8b465ee728b)  -> (artifact id: '3fe63593a6d57f9ed1358af5cb12151d') in 0.039744 seconds 
========================================================================
Received Import Request.
  Time since last request: 0.000019 seconds.
  path: Assets/Furnitures/Furniture/Source/Textures/Headboard_1_2.png
  artifactKey: Guid(dc3e7d0691670de46b20f3a184c20817) Importer(815301076,1909f56bfc062723c751e8b465ee728b)
Start importing Assets/Furnitures/Furniture/Source/Textures/Headboard_1_2.png using Guid(dc3e7d0691670de46b20f3a184c20817) Importer(815301076,1909f56bfc062723c751e8b465ee728b)  -> (artifact id: '3f3735211cda64d4ecd15aaf369c7dc6') in 0.027823 seconds 
========================================================================
Received Import Request.
  Time since last request: 0.000033 seconds.
  path: Assets/Furnitures/Furniture/Source/Textures/Headboard_1_Specular.png
  artifactKey: Guid(57a74242e95054747a3d75c10a90ec58) Importer(815301076,1909f56bfc062723c751e8b465ee728b)
Start importing Assets/Furnitures/Furniture/Source/Textures/Headboard_1_Specular.png using Guid(57a74242e95054747a3d75c10a90ec58) Importer(815301076,1909f56bfc062723c751e8b465ee728b)  -> (artifact id: 'ecc244b76c27d81588b18eae10a4b13e') in 0.026936 seconds 
========================================================================
Received Import Request.
  Time since last request: 0.000026 seconds.
  path: Assets/Furnitures/Furniture/Source/Textures/Decoration_Books_1_2.png
  artifactKey: Guid(c871c8177c9582444b32092b7b7c6810) Importer(815301076,1909f56bfc062723c751e8b465ee728b)
Start importing Assets/Furnitures/Furniture/Source/Textures/Decoration_Books_1_2.png using Guid(c871c8177c9582444b32092b7b7c6810) Importer(815301076,1909f56bfc062723c751e8b465ee728b)  -> (artifact id: '5b0bc3f9dfa21dcf539ee8e5330cda07') in 0.030818 seconds 
========================================================================
Received Import Request.
  Time since last request: 0.000074 seconds.
  path: Assets/Furnitures/Furniture/Source/Textures/Refrigerator_2_1.png
  artifactKey: Guid(37bc866462709114ea0653f6e3c0f701) Importer(815301076,1909f56bfc062723c751e8b465ee728b)
Start importing Assets/Furnitures/Furniture/Source/Textures/Refrigerator_2_1.png using Guid(37bc866462709114ea0653f6e3c0f701) Importer(815301076,1909f56bfc062723c751e8b465ee728b)  -> (artifact id: '3c58b434e11ac60ed2161e97590c732a') in 0.023766 seconds 
========================================================================
Received Import Request.
  Time since last request: 0.000039 seconds.
  path: Assets/Furnitures/Furniture/Source/Textures/Sink_1_2.png
  artifactKey: Guid(24265951c6239884397b673edba1c5e6) Importer(815301076,1909f56bfc062723c751e8b465ee728b)
Start importing Assets/Furnitures/Furniture/Source/Textures/Sink_1_2.png using Guid(24265951c6239884397b673edba1c5e6) Importer(815301076,1909f56bfc062723c751e8b465ee728b)  -> (artifact id: '5401e51665958cec947ee0fe642cac23') in 0.017209 seconds 
========================================================================
Received Import Request.
  Time since last request: 0.000029 seconds.
  path: Assets/Furnitures/Furniture/Source/Textures/Single_Bed_1_Normal.png
  artifactKey: Guid(0f6dd3664fe007c4a9299a3db52479df) Importer(815301076,1909f56bfc062723c751e8b465ee728b)
Start importing Assets/Furnitures/Furniture/Source/Textures/Single_Bed_1_Normal.png using Guid(0f6dd3664fe007c4a9299a3db52479df) Importer(815301076,1909f56bfc062723c751e8b465ee728b)  -> (artifact id: '83950bd5759090a42abbb807cbbea164') in 0.027082 seconds 
========================================================================
Received Import Request.
  Time since last request: 0.000054 seconds.
  path: Assets/Furnitures/Furniture/Source/Textures/Toilet_1_1.png
  artifactKey: Guid(df3e260b88bad9949a73fbc96953613e) Importer(815301076,1909f56bfc062723c751e8b465ee728b)
Start importing Assets/Furnitures/Furniture/Source/Textures/Toilet_1_1.png using Guid(df3e260b88bad9949a73fbc96953613e) Importer(815301076,1909f56bfc062723c751e8b465ee728b)  -> (artifact id: '36f28023dc0f55ac15932bbdbd47ae26') in 0.027010 seconds 
========================================================================
Received Import Request.
  Time since last request: 0.000034 seconds.
  path: Assets/Furnitures/Furniture/Source/Textures/Single_Bed_1_1.png
  artifactKey: Guid(ffab591f609a09b469d8ac5b29370c5a) Importer(815301076,1909f56bfc062723c751e8b465ee728b)
Start importing Assets/Furnitures/Furniture/Source/Textures/Single_Bed_1_1.png using Guid(ffab591f609a09b469d8ac5b29370c5a) Importer(815301076,1909f56bfc062723c751e8b465ee728b)  -> (artifact id: '1d36041f03d35750ddb05b5b7625504e') in 0.026176 seconds 
========================================================================
Received Import Request.
  Time since last request: 0.000026 seconds.
  path: Assets/Furnitures/Furniture/Source/Textures/Queen_Bed_2_Specular.png
  artifactKey: Guid(514772b551e819e419456bae2b23dd5b) Importer(815301076,1909f56bfc062723c751e8b465ee728b)
Start importing Assets/Furnitures/Furniture/Source/Textures/Queen_Bed_2_Specular.png using Guid(514772b551e819e419456bae2b23dd5b) Importer(815301076,1909f56bfc062723c751e8b465ee728b)  -> (artifact id: '0834de363736f3556feb4df07b8ae7e2') in 0.038904 seconds 
========================================================================
Received Import Request.
  Time since last request: 0.000022 seconds.
  path: Assets/Furnitures/Furniture/Source/Textures/Pillows_1_3.png
  artifactKey: Guid(728c45132fc6b9347b4b70c3bfd65107) Importer(815301076,1909f56bfc062723c751e8b465ee728b)
Start importing Assets/Furnitures/Furniture/Source/Textures/Pillows_1_3.png using Guid(728c45132fc6b9347b4b70c3bfd65107) Importer(815301076,1909f56bfc062723c751e8b465ee728b)  -> (artifact id: '7d4707a1a417a21e4f028c23e8a44eff') in 0.034013 seconds 
========================================================================
Received Import Request.
  Time since last request: 0.000036 seconds.
  path: Assets/Furnitures/Furniture/Source/Textures/Toilet_1_3.png
  artifactKey: Guid(3f94121de63d50d45aa0d4ef86862d12) Importer(815301076,1909f56bfc062723c751e8b465ee728b)
Start importing Assets/Furnitures/Furniture/Source/Textures/Toilet_1_3.png using Guid(3f94121de63d50d45aa0d4ef86862d12) Importer(815301076,1909f56bfc062723c751e8b465ee728b)  -> (artifact id: 'bbfc7c91108f00d59d0859206332bac3') in 0.023625 seconds 
========================================================================
Received Import Request.
  Time since last request: 0.000029 seconds.
  path: Assets/Furnitures/Furniture/Source/Textures/Toilet_1_2.png
  artifactKey: Guid(87a2003b20e686c45b57df079e0930a5) Importer(815301076,1909f56bfc062723c751e8b465ee728b)
Start importing Assets/Furnitures/Furniture/Source/Textures/Toilet_1_2.png using Guid(87a2003b20e686c45b57df079e0930a5) Importer(815301076,1909f56bfc062723c751e8b465ee728b)  -> (artifact id: '44d33f07cd68d386e1ac2dbd3a1fc69c') in 0.027845 seconds 
========================================================================
Received Import Request.
  Time since last request: 0.000027 seconds.
  path: Assets/Furnitures/Furniture/Source/Textures/Toilet_1_Normal.png
  artifactKey: Guid(4788905feeaff9a4ebd452c854ca2dc7) Importer(815301076,1909f56bfc062723c751e8b465ee728b)
Start importing Assets/Furnitures/Furniture/Source/Textures/Toilet_1_Normal.png using Guid(4788905feeaff9a4ebd452c854ca2dc7) Importer(815301076,1909f56bfc062723c751e8b465ee728b)  -> (artifact id: 'cc18ce9442f1f77c78c43b56982563b1') in 0.034582 seconds 
========================================================================
Received Import Request.
  Time since last request: 0.000043 seconds.
  path: Assets/Furnitures/Furniture/Source/Textures/Vase_1 Normal.png
  artifactKey: Guid(2804daafba0068349a13da3db34191ac) Importer(815301076,1909f56bfc062723c751e8b465ee728b)
Start importing Assets/Furnitures/Furniture/Source/Textures/Vase_1 Normal.png using Guid(2804daafba0068349a13da3db34191ac) Importer(815301076,1909f56bfc062723c751e8b465ee728b)  -> (artifact id: '64b6772640af9c8228b1fcb1fd8f54f0') in 0.032299 seconds 
========================================================================
Received Import Request.
  Time since last request: 0.000019 seconds.
  path: Assets/Furnitures/Furniture/Source/Textures/Table_1_Normal.png
  artifactKey: Guid(28fd2a65d4785d34f95a69ed271fd428) Importer(815301076,1909f56bfc062723c751e8b465ee728b)
Start importing Assets/Furnitures/Furniture/Source/Textures/Table_1_Normal.png using Guid(28fd2a65d4785d34f95a69ed271fd428) Importer(815301076,1909f56bfc062723c751e8b465ee728b)  -> (artifact id: '2faca555022e1f00c3a48bb6ec101b59') in 0.020071 seconds 
========================================================================
Received Import Request.
  Time since last request: 0.000025 seconds.
  path: Assets/Furnitures/Furniture/Source/Textures/Refrigerator_1_Normal.png
  artifactKey: Guid(b9cf6fbc52eec3949b0ce69f86c48715) Importer(815301076,1909f56bfc062723c751e8b465ee728b)
Start importing Assets/Furnitures/Furniture/Source/Textures/Refrigerator_1_Normal.png using Guid(b9cf6fbc52eec3949b0ce69f86c48715) Importer(815301076,1909f56bfc062723c751e8b465ee728b)  -> (artifact id: '2f22cf0896c8e13a9c515ee831002012') in 0.028437 seconds 
========================================================================
Received Import Request.
  Time since last request: 0.000022 seconds.
  path: Assets/Furnitures/Furniture/Source/Textures/Single_Bed_1_6.png
  artifactKey: Guid(149eb1e8edf7418429e8bab9890e7ee9) Importer(815301076,1909f56bfc062723c751e8b465ee728b)
Start importing Assets/Furnitures/Furniture/Source/Textures/Single_Bed_1_6.png using Guid(149eb1e8edf7418429e8bab9890e7ee9) Importer(815301076,1909f56bfc062723c751e8b465ee728b)  -> (artifact id: '96f901d7ca3c43634cc021e46689c1a6') in 0.022656 seconds 
========================================================================
Received Import Request.
  Time since last request: 0.000023 seconds.
  path: Assets/Furnitures/Furniture/Source/Textures/Headboard_1_1.png
  artifactKey: Guid(b92b16e6e1aa10341be7b1993b5b24bf) Importer(815301076,1909f56bfc062723c751e8b465ee728b)
Start importing Assets/Furnitures/Furniture/Source/Textures/Headboard_1_1.png using Guid(b92b16e6e1aa10341be7b1993b5b24bf) Importer(815301076,1909f56bfc062723c751e8b465ee728b)  -> (artifact id: 'd8ab9b3baaf8dc827357f957fa717054') in 0.026314 seconds 
========================================================================
Received Import Request.
  Time since last request: 0.000027 seconds.
  path: Assets/Furnitures/Furniture/Source/Textures/Couch_3_3.png
  artifactKey: Guid(ef0c721b94c824740a27f0f39a71a443) Importer(815301076,1909f56bfc062723c751e8b465ee728b)
Start importing Assets/Furnitures/Furniture/Source/Textures/Couch_3_3.png using Guid(ef0c721b94c824740a27f0f39a71a443) Importer(815301076,1909f56bfc062723c751e8b465ee728b)  -> (artifact id: '2b7ef39e5fd062b45e295802e12380cb') in 0.025227 seconds 
========================================================================
Received Import Request.
  Time since last request: 113.438114 seconds.
  path: Assets/Furnitures/Furniture/FBXfolders/Queen_Bed_2.fbx
  artifactKey: Guid(db90ebe75a417854aaaf8a09147e7676) Importer(815301076,1909f56bfc062723c751e8b465ee728b)
Start importing Assets/Furnitures/Furniture/FBXfolders/Queen_Bed_2.fbx using Guid(db90ebe75a417854aaaf8a09147e7676) Importer(815301076,1909f56bfc062723c751e8b465ee728b)  -> (artifact id: '35a22a4c911ff3870923d971df6d386c') in 0.114865 seconds 
========================================================================
Received Import Request.
  Time since last request: 0.000029 seconds.
  path: Assets/Furnitures/Furniture/FBXfolders/Refrigerator.fbx
  artifactKey: Guid(30ea37132d76e624eacbf2b75cb5f50a) Importer(815301076,1909f56bfc062723c751e8b465ee728b)
Start importing Assets/Furnitures/Furniture/FBXfolders/Refrigerator.fbx using Guid(30ea37132d76e624eacbf2b75cb5f50a) Importer(815301076,1909f56bfc062723c751e8b465ee728b)  -> (artifact id: '3a2b55559801747f79c6b948a5b1577e') in 0.053395 seconds 
Editor requested this worker to shutdown with reason: Scaling down because of idle timeout
AssetImportWorker is now disconnected from the server
Process exiting
Exiting without the bug reporter. Application will terminate with return code 0